{"/Users/davidpopoola/fitted/wip/group-orders-backend/src/app.controller.ts": {"path":"/Users/davidpopoola/fitted/wip/group-orders-backend/src/app.controller.ts","statementMap":{"0":{"start":{"line":1,"column":0},"end":{"line":1,"column":49}},"1":{"start":{"line":2,"column":0},"end":{"line":2,"column":43}},"2":{"start":{"line":5,"column":0},"end":{"line":12,"column":null}},"3":{"start":{"line":6,"column":31},"end":{"line":6,"column":43}},"4":{"start":{"line":10,"column":4},"end":{"line":10,"column":38}},"5":{"start":{"line":9,"column":2},"end":{"line":11,"column":null}},"6":{"start":{"line":5,"column":13},"end":{"line":12,"column":null}},"7":{"start":{"line":5,"column":13},"end":{"line":5,"column":26}}},"fnMap":{"0":{"name":"(anonymous_2)","decl":{"start":{"line":6,"column":2},"end":{"line":6,"column":31}},"loc":{"start":{"line":6,"column":53},"end":{"line":6,"column":57}}},"1":{"name":"(anonymous_3)","decl":{"start":{"line":9,"column":2},"end":{"line":9,"column":10}},"loc":{"start":{"line":9,"column":10},"end":{"line":11,"column":3}}}},"branchMap":{},"s":{"0":1,"1":1,"2":1,"3":1,"4":1,"5":1,"6":1,"7":1},"f":{"0":1,"1":1},"b":{}}
,"/Users/davidpopoola/fitted/wip/group-orders-backend/src/app.module.ts": {"path":"/Users/davidpopoola/fitted/wip/group-orders-backend/src/app.module.ts","statementMap":{"0":{"start":{"line":1,"column":0},"end":{"line":1,"column":40}},"1":{"start":{"line":2,"column":0},"end":{"line":2,"column":46}},"2":{"start":{"line":3,"column":0},"end":{"line":3,"column":50}},"3":{"start":{"line":4,"column":0},"end":{"line":4,"column":52}},"4":{"start":{"line":5,"column":0},"end":{"line":5,"column":49}},"5":{"start":{"line":6,"column":0},"end":{"line":6,"column":43}},"6":{"start":{"line":7,"column":0},"end":{"line":7,"column":48}},"7":{"start":{"line":8,"column":0},"end":{"line":8,"column":34}},"8":{"start":{"line":9,"column":0},"end":{"line":9,"column":51}},"9":{"start":{"line":10,"column":0},"end":{"line":10,"column":54}},"10":{"start":{"line":11,"column":0},"end":{"line":11,"column":72}},"11":{"start":{"line":12,"column":0},"end":{"line":12,"column":75}},"12":{"start":{"line":13,"column":0},"end":{"line":13,"column":51}},"13":{"start":{"line":14,"column":0},"end":{"line":14,"column":60}},"14":{"start":{"line":15,"column":0},"end":{"line":15,"column":63}},"15":{"start":{"line":16,"column":0},"end":{"line":16,"column":69}},"16":{"start":{"line":41,"column":0},"end":{"line":41,"column":null}},"17":{"start":{"line":41,"column":13},"end":{"line":41,"column":null}},"18":{"start":{"line":41,"column":13},"end":{"line":41,"column":22}}},"fnMap":{},"branchMap":{},"s":{"0":0,"1":0,"2":0,"3":0,"4":0,"5":0,"6":0,"7":0,"8":0,"9":0,"10":0,"11":0,"12":0,"13":0,"14":0,"15":0,"16":0,"17":0,"18":0},"f":{},"b":{}}
,"/Users/davidpopoola/fitted/wip/group-orders-backend/src/app.service.ts": {"path":"/Users/davidpopoola/fitted/wip/group-orders-backend/src/app.service.ts","statementMap":{"0":{"start":{"line":1,"column":0},"end":{"line":1,"column":44}},"1":{"start":{"line":4,"column":0},"end":{"line":8,"column":null}},"2":{"start":{"line":6,"column":4},"end":{"line":6,"column":26}},"3":{"start":{"line":4,"column":13},"end":{"line":8,"column":null}},"4":{"start":{"line":4,"column":13},"end":{"line":4,"column":23}}},"fnMap":{"0":{"name":"(anonymous_1)","decl":{"start":{"line":5,"column":2},"end":{"line":5,"column":10}},"loc":{"start":{"line":5,"column":10},"end":{"line":7,"column":3}}}},"branchMap":{},"s":{"0":1,"1":1,"2":1,"3":1,"4":1},"f":{"0":1},"b":{}}
,"/Users/davidpopoola/fitted/wip/group-orders-backend/src/main.ts": {"path":"/Users/davidpopoola/fitted/wip/group-orders-backend/src/main.ts","statementMap":{"0":{"start":{"line":1,"column":0},"end":{"line":1,"column":48}},"1":{"start":{"line":2,"column":0},"end":{"line":2,"column":43}},"2":{"start":{"line":3,"column":0},"end":{"line":3,"column":65}},"3":{"start":{"line":5,"column":0},"end":{"line":5,"column":33}},"4":{"start":{"line":6,"column":0},"end":{"line":6,"column":41}},"5":{"start":{"line":7,"column":0},"end":{"line":7,"column":34}},"6":{"start":{"line":10,"column":14},"end":{"line":10,"column":49}},"7":{"start":{"line":12,"column":2},"end":{"line":12,"column":20}},"8":{"start":{"line":13,"column":2},"end":{"line":13,"column":43}},"9":{"start":{"line":15,"column":22},"end":{"line":18,"column":4}},"10":{"start":{"line":19,"column":2},"end":{"line":19,"column":19}},"11":{"start":{"line":21,"column":2},"end":{"line":21,"column":33}},"12":{"start":{"line":23,"column":24},"end":{"line":27,"column":12}},"13":{"start":{"line":28,"column":19},"end":{"line":28,"column":67}},"14":{"start":{"line":29,"column":2},"end":{"line":29,"column":49}},"15":{"start":{"line":31,"column":2},"end":{"line":31,"column":32}},"16":{"start":{"line":33,"column":0},"end":{"line":33,"column":12}}},"fnMap":{"0":{"name":"bootstrap","decl":{"start":{"line":9,"column":15},"end":{"line":9,"column":24}},"loc":{"start":{"line":9,"column":24},"end":{"line":32,"column":1}}}},"branchMap":{},"s":{"0":0,"1":0,"2":0,"3":0,"4":0,"5":0,"6":0,"7":0,"8":0,"9":0,"10":0,"11":0,"12":0,"13":0,"14":0,"15":0,"16":0},"f":{"0":0},"b":{}}
,"/Users/davidpopoola/fitted/wip/group-orders-backend/src/auth/auth.module.ts": {"path":"/Users/davidpopoola/fitted/wip/group-orders-backend/src/auth/auth.module.ts","statementMap":{"0":{"start":{"line":1,"column":0},"end":{"line":1,"column":40}},"1":{"start":{"line":2,"column":0},"end":{"line":2,"column":40}},"2":{"start":{"line":3,"column":0},"end":{"line":3,"column":50}},"3":{"start":{"line":4,"column":0},"end":{"line":4,"column":50}},"4":{"start":{"line":5,"column":0},"end":{"line":5,"column":35}},"5":{"start":{"line":10,"column":0},"end":{"line":10,"column":52}},"6":{"start":{"line":11,"column":0},"end":{"line":11,"column":64}},"7":{"start":{"line":12,"column":0},"end":{"line":12,"column":70}},"8":{"start":{"line":13,"column":0},"end":{"line":13,"column":63}},"9":{"start":{"line":14,"column":0},"end":{"line":14,"column":52}},"10":{"start":{"line":15,"column":0},"end":{"line":15,"column":56}},"11":{"start":{"line":16,"column":0},"end":{"line":16,"column":null}},"12":{"start":{"line":20,"column":0},"end":{"line":20,"column":null}},"13":{"start":{"line":24,"column":0},"end":{"line":24,"column":54}},"14":{"start":{"line":47,"column":0},"end":{"line":47,"column":null}},"15":{"start":{"line":47,"column":13},"end":{"line":47,"column":null}},"16":{"start":{"line":47,"column":13},"end":{"line":47,"column":23}}},"fnMap":{},"branchMap":{},"s":{"0":1,"1":1,"2":1,"3":1,"4":1,"5":1,"6":1,"7":1,"8":1,"9":1,"10":1,"11":1,"12":1,"13":1,"14":1,"15":1,"16":1},"f":{},"b":{}}
,"/Users/davidpopoola/fitted/wip/group-orders-backend/src/auth/controllers/auth.controller.ts": {"path":"/Users/davidpopoola/fitted/wip/group-orders-backend/src/auth/controllers/auth.controller.ts","statementMap":{"0":{"start":{"line":1,"column":0},"end":{"line":1,"column":null}},"1":{"start":{"line":15,"column":0},"end":{"line":15,"column":69}},"2":{"start":{"line":16,"column":0},"end":{"line":16,"column":77}},"3":{"start":{"line":17,"column":0},"end":{"line":17,"column":56}},"4":{"start":{"line":18,"column":0},"end":{"line":18,"column":70}},"5":{"start":{"line":19,"column":0},"end":{"line":19,"column":73}},"6":{"start":{"line":22,"column":0},"end":{"line":22,"column":71}},"7":{"start":{"line":23,"column":0},"end":{"line":23,"column":80}},"8":{"start":{"line":24,"column":0},"end":{"line":24,"column":62}},"9":{"start":{"line":25,"column":0},"end":{"line":25,"column":70}},"10":{"start":{"line":26,"column":0},"end":{"line":26,"column":68}},"11":{"start":{"line":27,"column":0},"end":{"line":27,"column":56}},"12":{"start":{"line":29,"column":0},"end":{"line":29,"column":60}},"13":{"start":{"line":30,"column":0},"end":{"line":30,"column":56}},"14":{"start":{"line":32,"column":0},"end":{"line":32,"column":55}},"15":{"start":{"line":35,"column":0},"end":{"line":128,"column":null}},"16":{"start":{"line":36,"column":22},"end":{"line":36,"column":35}},"17":{"start":{"line":42,"column":4},"end":{"line":42,"column":59}},"18":{"start":{"line":49,"column":4},"end":{"line":49,"column":53}},"19":{"start":{"line":56,"column":4},"end":{"line":56,"column":60}},"20":{"start":{"line":63,"column":4},"end":{"line":63,"column":72}},"21":{"start":{"line":70,"column":4},"end":{"line":70,"column":70}},"22":{"start":{"line":77,"column":4},"end":{"line":77,"column":70}},"23":{"start":{"line":87,"column":4},"end":{"line":87,"column":52}},"24":{"start":{"line":94,"column":4},"end":{"line":94,"column":56}},"25":{"start":{"line":99,"column":4},"end":{"line":99,"column":57}},"26":{"start":{"line":106,"column":4},"end":{"line":106,"column":66}},"27":{"start":{"line":114,"column":4},"end":{"line":114,"column":66}},"28":{"start":{"line":120,"column":4},"end":{"line":122,"column":6}},"29":{"start":{"line":126,"column":4},"end":{"line":126,"column":51}},"30":{"start":{"line":39,"column":2},"end":{"line":43,"column":null}},"31":{"start":{"line":46,"column":2},"end":{"line":50,"column":null}},"32":{"start":{"line":53,"column":2},"end":{"line":57,"column":null}},"33":{"start":{"line":60,"column":2},"end":{"line":64,"column":null}},"34":{"start":{"line":67,"column":2},"end":{"line":71,"column":null}},"35":{"start":{"line":74,"column":2},"end":{"line":78,"column":null}},"36":{"start":{"line":86,"column":2},"end":{"line":88,"column":null}},"37":{"start":{"line":91,"column":2},"end":{"line":95,"column":null}},"38":{"start":{"line":98,"column":2},"end":{"line":100,"column":null}},"39":{"start":{"line":102,"column":2},"end":{"line":107,"column":null}},"40":{"start":{"line":110,"column":2},"end":{"line":115,"column":null}},"41":{"start":{"line":117,"column":2},"end":{"line":123,"column":null}},"42":{"start":{"line":125,"column":2},"end":{"line":127,"column":null}},"43":{"start":{"line":35,"column":13},"end":{"line":128,"column":null}},"44":{"start":{"line":35,"column":13},"end":{"line":35,"column":27}}},"fnMap":{"0":{"name":"(anonymous_4)","decl":{"start":{"line":36,"column":2},"end":{"line":36,"column":22}},"loc":{"start":{"line":36,"column":46},"end":{"line":36,"column":50}}},"1":{"name":"(anonymous_5)","decl":{"start":{"line":39,"column":2},"end":{"line":39,"column":7}},"loc":{"start":{"line":40,"column":41},"end":{"line":43,"column":3}}},"2":{"name":"(anonymous_6)","decl":{"start":{"line":46,"column":2},"end":{"line":46,"column":7}},"loc":{"start":{"line":47,"column":35},"end":{"line":50,"column":3}}},"3":{"name":"(anonymous_7)","decl":{"start":{"line":53,"column":2},"end":{"line":53,"column":7}},"loc":{"start":{"line":54,"column":44},"end":{"line":57,"column":3}}},"4":{"name":"(anonymous_8)","decl":{"start":{"line":60,"column":2},"end":{"line":60,"column":7}},"loc":{"start":{"line":61,"column":56},"end":{"line":64,"column":3}}},"5":{"name":"(anonymous_9)","decl":{"start":{"line":67,"column":2},"end":{"line":67,"column":7}},"loc":{"start":{"line":68,"column":54},"end":{"line":71,"column":3}}},"6":{"name":"(anonymous_10)","decl":{"start":{"line":74,"column":2},"end":{"line":74,"column":7}},"loc":{"start":{"line":75,"column":54},"end":{"line":78,"column":3}}},"7":{"name":"(anonymous_11)","decl":{"start":{"line":86,"column":2},"end":{"line":86,"column":7}},"loc":{"start":{"line":86,"column":53},"end":{"line":88,"column":3}}},"8":{"name":"(anonymous_12)","decl":{"start":{"line":91,"column":2},"end":{"line":91,"column":7}},"loc":{"start":{"line":92,"column":42},"end":{"line":95,"column":3}}},"9":{"name":"(anonymous_13)","decl":{"start":{"line":98,"column":2},"end":{"line":98,"column":7}},"loc":{"start":{"line":98,"column":54},"end":{"line":100,"column":3}}},"10":{"name":"(anonymous_14)","decl":{"start":{"line":102,"column":2},"end":{"line":102,"column":7}},"loc":{"start":{"line":104,"column":26},"end":{"line":107,"column":3}}},"11":{"name":"(anonymous_15)","decl":{"start":{"line":110,"column":2},"end":{"line":110,"column":7}},"loc":{"start":{"line":112,"column":46},"end":{"line":115,"column":3}}},"12":{"name":"(anonymous_16)","decl":{"start":{"line":117,"column":2},"end":{"line":117,"column":7}},"loc":{"start":{"line":118,"column":62},"end":{"line":123,"column":3}}},"13":{"name":"(anonymous_17)","decl":{"start":{"line":125,"column":2},"end":{"line":125,"column":7}},"loc":{"start":{"line":125,"column":46},"end":{"line":127,"column":3}}}},"branchMap":{},"s":{"0":2,"1":2,"2":2,"3":2,"4":2,"5":2,"6":2,"7":2,"8":2,"9":2,"10":2,"11":2,"12":2,"13":2,"14":2,"15":2,"16":2,"17":0,"18":0,"19":0,"20":0,"21":0,"22":0,"23":0,"24":0,"25":0,"26":0,"27":0,"28":0,"29":0,"30":2,"31":2,"32":2,"33":2,"34":2,"35":2,"36":2,"37":2,"38":2,"39":2,"40":2,"41":2,"42":2,"43":2,"44":2},"f":{"0":2,"1":0,"2":0,"3":0,"4":0,"5":0,"6":0,"7":0,"8":0,"9":0,"10":0,"11":0,"12":0,"13":0},"b":{}}
,"/Users/davidpopoola/fitted/wip/group-orders-backend/src/auth/dtos/email-login.dto.ts": {"path":"/Users/davidpopoola/fitted/wip/group-orders-backend/src/auth/dtos/email-login.dto.ts","statementMap":{"0":{"start":{"line":1,"column":0},"end":{"line":1,"column":72}},"1":{"start":{"line":5,"column":2},"end":{"line":5,"column":null}},"2":{"start":{"line":8,"column":2},"end":{"line":8,"column":null}},"3":{"start":{"line":3,"column":0},"end":{"line":3,"column":13}}},"fnMap":{},"branchMap":{},"s":{"0":2,"1":2,"2":2,"3":2},"f":{},"b":{}}
,"/Users/davidpopoola/fitted/wip/group-orders-backend/src/auth/dtos/embroiderer.signup.dto.ts": {"path":"/Users/davidpopoola/fitted/wip/group-orders-backend/src/auth/dtos/embroiderer.signup.dto.ts","statementMap":{"0":{"start":{"line":1,"column":0},"end":{"line":1,"column":null}},"1":{"start":{"line":37,"column":4},"end":{"line":37,"column":38}},"2":{"start":{"line":12,"column":2},"end":{"line":12,"column":null}},"3":{"start":{"line":15,"column":2},"end":{"line":15,"column":null}},"4":{"start":{"line":18,"column":2},"end":{"line":18,"column":null}},"5":{"start":{"line":21,"column":2},"end":{"line":21,"column":null}},"6":{"start":{"line":25,"column":2},"end":{"line":25,"column":null}},"7":{"start":{"line":28,"column":2},"end":{"line":28,"column":null}},"8":{"start":{"line":31,"column":2},"end":{"line":31,"column":null}},"9":{"start":{"line":34,"column":2},"end":{"line":34,"column":null}},"10":{"start":{"line":10,"column":0},"end":{"line":10,"column":13}}},"fnMap":{"0":{"name":"(anonymous_2)","decl":{"start":{"line":36,"column":2},"end":{"line":36,"column":14}},"loc":{"start":{"line":36,"column":57},"end":{"line":38,"column":3}}}},"branchMap":{},"s":{"0":2,"1":0,"2":2,"3":2,"4":2,"5":2,"6":2,"7":2,"8":2,"9":2,"10":2},"f":{"0":0},"b":{}}
,"/Users/davidpopoola/fitted/wip/group-orders-backend/src/auth/dtos/fabric-seller.signup.dto.ts": {"path":"/Users/davidpopoola/fitted/wip/group-orders-backend/src/auth/dtos/fabric-seller.signup.dto.ts","statementMap":{"0":{"start":{"line":1,"column":0},"end":{"line":1,"column":null}},"1":{"start":{"line":9,"column":0},"end":{"line":9,"column":55}},"2":{"start":{"line":44,"column":4},"end":{"line":44,"column":38}},"3":{"start":{"line":13,"column":2},"end":{"line":13,"column":null}},"4":{"start":{"line":16,"column":2},"end":{"line":16,"column":null}},"5":{"start":{"line":19,"column":2},"end":{"line":19,"column":null}},"6":{"start":{"line":22,"column":2},"end":{"line":22,"column":null}},"7":{"start":{"line":26,"column":2},"end":{"line":26,"column":null}},"8":{"start":{"line":29,"column":2},"end":{"line":29,"column":null}},"9":{"start":{"line":32,"column":2},"end":{"line":32,"column":null}},"10":{"start":{"line":35,"column":2},"end":{"line":35,"column":null}},"11":{"start":{"line":38,"column":2},"end":{"line":38,"column":null}},"12":{"start":{"line":41,"column":2},"end":{"line":41,"column":null}},"13":{"start":{"line":11,"column":0},"end":{"line":11,"column":13}}},"fnMap":{"0":{"name":"(anonymous_2)","decl":{"start":{"line":43,"column":2},"end":{"line":43,"column":14}},"loc":{"start":{"line":43,"column":58},"end":{"line":45,"column":3}}}},"branchMap":{},"s":{"0":2,"1":2,"2":0,"3":2,"4":2,"5":2,"6":2,"7":2,"8":2,"9":2,"10":2,"11":2,"12":2,"13":2},"f":{"0":0},"b":{}}
,"/Users/davidpopoola/fitted/wip/group-orders-backend/src/auth/dtos/login-response.dto.ts": {"path":"/Users/davidpopoola/fitted/wip/group-orders-backend/src/auth/dtos/login-response.dto.ts","statementMap":{"0":{"start":{"line":2,"column":0},"end":{"line":2,"column":13}}},"fnMap":{},"branchMap":{},"s":{"0":0},"f":{},"b":{}}
,"/Users/davidpopoola/fitted/wip/group-orders-backend/src/auth/dtos/outfit-buyer-signup-response.dto.ts": {"path":"/Users/davidpopoola/fitted/wip/group-orders-backend/src/auth/dtos/outfit-buyer-signup-response.dto.ts","statementMap":{"0":{"start":{"line":2,"column":0},"end":{"line":2,"column":13}}},"fnMap":{},"branchMap":{},"s":{"0":0},"f":{},"b":{}}
,"/Users/davidpopoola/fitted/wip/group-orders-backend/src/auth/dtos/outfit-buyer.signup.dto.ts": {"path":"/Users/davidpopoola/fitted/wip/group-orders-backend/src/auth/dtos/outfit-buyer.signup.dto.ts","statementMap":{"0":{"start":{"line":1,"column":0},"end":{"line":1,"column":null}},"1":{"start":{"line":10,"column":0},"end":{"line":10,"column":55}},"2":{"start":{"line":37,"column":4},"end":{"line":37,"column":37}},"3":{"start":{"line":14,"column":2},"end":{"line":14,"column":null}},"4":{"start":{"line":17,"column":2},"end":{"line":17,"column":null}},"5":{"start":{"line":20,"column":2},"end":{"line":20,"column":null}},"6":{"start":{"line":23,"column":2},"end":{"line":23,"column":null}},"7":{"start":{"line":26,"column":2},"end":{"line":26,"column":null}},"8":{"start":{"line":29,"column":2},"end":{"line":29,"column":null}},"9":{"start":{"line":32,"column":2},"end":{"line":32,"column":null}},"10":{"start":{"line":12,"column":0},"end":{"line":12,"column":13}}},"fnMap":{"0":{"name":"(anonymous_2)","decl":{"start":{"line":36,"column":2},"end":{"line":36,"column":14}},"loc":{"start":{"line":36,"column":56},"end":{"line":38,"column":3}}}},"branchMap":{},"s":{"0":2,"1":2,"2":0,"3":2,"4":2,"5":2,"6":2,"7":2,"8":2,"9":2,"10":2},"f":{"0":0},"b":{}}
,"/Users/davidpopoola/fitted/wip/group-orders-backend/src/auth/dtos/password-reset-with-code.dto.ts": {"path":"/Users/davidpopoola/fitted/wip/group-orders-backend/src/auth/dtos/password-reset-with-code.dto.ts","statementMap":{"0":{"start":{"line":1,"column":0},"end":{"line":1,"column":44}},"1":{"start":{"line":5,"column":2},"end":{"line":5,"column":null}},"2":{"start":{"line":8,"column":2},"end":{"line":8,"column":null}},"3":{"start":{"line":11,"column":2},"end":{"line":11,"column":null}},"4":{"start":{"line":3,"column":0},"end":{"line":3,"column":13}}},"fnMap":{},"branchMap":{},"s":{"0":2,"1":2,"2":2,"3":2,"4":2},"f":{},"b":{}}
,"/Users/davidpopoola/fitted/wip/group-orders-backend/src/auth/dtos/password-reset.dto.ts": {"path":"/Users/davidpopoola/fitted/wip/group-orders-backend/src/auth/dtos/password-reset.dto.ts","statementMap":{"0":{"start":{"line":1,"column":0},"end":{"line":1,"column":44}},"1":{"start":{"line":5,"column":2},"end":{"line":5,"column":null}},"2":{"start":{"line":8,"column":2},"end":{"line":8,"column":null}},"3":{"start":{"line":11,"column":2},"end":{"line":11,"column":null}},"4":{"start":{"line":3,"column":0},"end":{"line":3,"column":13}}},"fnMap":{},"branchMap":{},"s":{"0":2,"1":2,"2":2,"3":2,"4":2},"f":{},"b":{}}
,"/Users/davidpopoola/fitted/wip/group-orders-backend/src/auth/dtos/passwordless-login.dto.ts": {"path":"/Users/davidpopoola/fitted/wip/group-orders-backend/src/auth/dtos/passwordless-login.dto.ts","statementMap":{"0":{"start":{"line":1,"column":0},"end":{"line":1,"column":72}},"1":{"start":{"line":5,"column":2},"end":{"line":5,"column":null}},"2":{"start":{"line":9,"column":2},"end":{"line":9,"column":null}},"3":{"start":{"line":3,"column":0},"end":{"line":3,"column":13}}},"fnMap":{},"branchMap":{},"s":{"0":2,"1":2,"2":2,"3":2},"f":{},"b":{}}
,"/Users/davidpopoola/fitted/wip/group-orders-backend/src/auth/dtos/phoneNumber-login.dto.ts": {"path":"/Users/davidpopoola/fitted/wip/group-orders-backend/src/auth/dtos/phoneNumber-login.dto.ts","statementMap":{"0":{"start":{"line":1,"column":0},"end":{"line":1,"column":59}},"1":{"start":{"line":5,"column":2},"end":{"line":5,"column":null}},"2":{"start":{"line":8,"column":2},"end":{"line":8,"column":null}},"3":{"start":{"line":3,"column":0},"end":{"line":3,"column":13}}},"fnMap":{},"branchMap":{},"s":{"0":2,"1":2,"2":2,"3":2},"f":{},"b":{}}
,"/Users/davidpopoola/fitted/wip/group-orders-backend/src/auth/dtos/request-otp.dto.ts": {"path":"/Users/davidpopoola/fitted/wip/group-orders-backend/src/auth/dtos/request-otp.dto.ts","statementMap":{"0":{"start":{"line":1,"column":0},"end":{"line":1,"column":80}},"1":{"start":{"line":5,"column":2},"end":{"line":5,"column":null}},"2":{"start":{"line":3,"column":0},"end":{"line":3,"column":13}}},"fnMap":{},"branchMap":{},"s":{"0":2,"1":2,"2":2},"f":{},"b":{}}
,"/Users/davidpopoola/fitted/wip/group-orders-backend/src/auth/dtos/signup.dto.ts": {"path":"/Users/davidpopoola/fitted/wip/group-orders-backend/src/auth/dtos/signup.dto.ts","statementMap":{"0":{"start":{"line":1,"column":0},"end":{"line":1,"column":55}},"1":{"start":{"line":6,"column":2},"end":{"line":6,"column":null}},"2":{"start":{"line":3,"column":0},"end":{"line":3,"column":13}}},"fnMap":{},"branchMap":{},"s":{"0":0,"1":0,"2":0},"f":{},"b":{}}
,"/Users/davidpopoola/fitted/wip/group-orders-backend/src/auth/dtos/tailor-signup-response.dto.ts": {"path":"/Users/davidpopoola/fitted/wip/group-orders-backend/src/auth/dtos/tailor-signup-response.dto.ts","statementMap":{"0":{"start":{"line":2,"column":0},"end":{"line":2,"column":13}}},"fnMap":{},"branchMap":{},"s":{"0":0},"f":{},"b":{}}
,"/Users/davidpopoola/fitted/wip/group-orders-backend/src/auth/dtos/tailor.signup.dto.ts": {"path":"/Users/davidpopoola/fitted/wip/group-orders-backend/src/auth/dtos/tailor.signup.dto.ts","statementMap":{"0":{"start":{"line":1,"column":0},"end":{"line":1,"column":41}},"1":{"start":{"line":2,"column":0},"end":{"line":2,"column":null}},"2":{"start":{"line":11,"column":0},"end":{"line":11,"column":55}},"3":{"start":{"line":46,"column":4},"end":{"line":46,"column":32}},"4":{"start":{"line":15,"column":2},"end":{"line":15,"column":null}},"5":{"start":{"line":18,"column":2},"end":{"line":18,"column":null}},"6":{"start":{"line":21,"column":2},"end":{"line":21,"column":null}},"7":{"start":{"line":24,"column":2},"end":{"line":24,"column":null}},"8":{"start":{"line":28,"column":2},"end":{"line":28,"column":null}},"9":{"start":{"line":31,"column":2},"end":{"line":31,"column":null}},"10":{"start":{"line":40,"column":2},"end":{"line":40,"column":null}},"11":{"start":{"line":43,"column":2},"end":{"line":43,"column":null}},"12":{"start":{"line":13,"column":0},"end":{"line":13,"column":13}}},"fnMap":{"0":{"name":"(anonymous_2)","decl":{"start":{"line":45,"column":2},"end":{"line":45,"column":14}},"loc":{"start":{"line":45,"column":46},"end":{"line":47,"column":3}}}},"branchMap":{},"s":{"0":2,"1":2,"2":2,"3":0,"4":2,"5":2,"6":2,"7":2,"8":2,"9":2,"10":2,"11":2,"12":2},"f":{"0":0},"b":{}}
,"/Users/davidpopoola/fitted/wip/group-orders-backend/src/auth/dtos/validate-otp.dto.ts": {"path":"/Users/davidpopoola/fitted/wip/group-orders-backend/src/auth/dtos/validate-otp.dto.ts","statementMap":{"0":{"start":{"line":1,"column":0},"end":{"line":1,"column":80}},"1":{"start":{"line":5,"column":2},"end":{"line":5,"column":null}},"2":{"start":{"line":10,"column":2},"end":{"line":10,"column":null}},"3":{"start":{"line":3,"column":0},"end":{"line":3,"column":13}}},"fnMap":{},"branchMap":{},"s":{"0":0,"1":0,"2":0,"3":0},"f":{},"b":{}}
,"/Users/davidpopoola/fitted/wip/group-orders-backend/src/auth/guards/jwt-auth.guard.ts": {"path":"/Users/davidpopoola/fitted/wip/group-orders-backend/src/auth/guards/jwt-auth.guard.ts","statementMap":{"0":{"start":{"line":1,"column":0},"end":{"line":1,"column":44}},"1":{"start":{"line":2,"column":0},"end":{"line":2,"column":45}},"2":{"start":{"line":5,"column":0},"end":{"line":5,"column":null}},"3":{"start":{"line":5,"column":13},"end":{"line":5,"column":null}},"4":{"start":{"line":5,"column":13},"end":{"line":5,"column":25}}},"fnMap":{},"branchMap":{},"s":{"0":4,"1":4,"2":4,"3":4,"4":4},"f":{},"b":{}}
,"/Users/davidpopoola/fitted/wip/group-orders-backend/src/auth/guards/jwt.strategy.ts": {"path":"/Users/davidpopoola/fitted/wip/group-orders-backend/src/auth/guards/jwt.strategy.ts","statementMap":{"0":{"start":{"line":1,"column":0},"end":{"line":1,"column":44}},"1":{"start":{"line":3,"column":0},"end":{"line":3,"column":52}},"2":{"start":{"line":4,"column":0},"end":{"line":4,"column":52}},"3":{"start":{"line":6,"column":0},"end":{"line":6,"column":44}},"4":{"start":{"line":7,"column":0},"end":{"line":7,"column":55}},"5":{"start":{"line":10,"column":0},"end":{"line":22,"column":null}},"6":{"start":{"line":12,"column":4},"end":{"line":16,"column":7}},"7":{"start":{"line":11,"column":22},"end":{"line":11,"column":35}},"8":{"start":{"line":20,"column":4},"end":{"line":20,"column":50}},"9":{"start":{"line":10,"column":13},"end":{"line":22,"column":null}},"10":{"start":{"line":10,"column":13},"end":{"line":10,"column":24}}},"fnMap":{"0":{"name":"(anonymous_2)","decl":{"start":{"line":11,"column":2},"end":{"line":11,"column":22}},"loc":{"start":{"line":11,"column":46},"end":{"line":17,"column":3}}},"1":{"name":"(anonymous_3)","decl":{"start":{"line":19,"column":2},"end":{"line":19,"column":7}},"loc":{"start":{"line":19,"column":29},"end":{"line":21,"column":3}}}},"branchMap":{},"s":{"0":2,"1":2,"2":2,"3":2,"4":2,"5":2,"6":2,"7":2,"8":0,"9":2,"10":2},"f":{"0":2,"1":0},"b":{}}
,"/Users/davidpopoola/fitted/wip/group-orders-backend/src/auth/guards/local-auth.guard.ts": {"path":"/Users/davidpopoola/fitted/wip/group-orders-backend/src/auth/guards/local-auth.guard.ts","statementMap":{"0":{"start":{"line":1,"column":0},"end":{"line":1,"column":44}},"1":{"start":{"line":2,"column":0},"end":{"line":2,"column":45}},"2":{"start":{"line":5,"column":0},"end":{"line":5,"column":null}},"3":{"start":{"line":5,"column":13},"end":{"line":5,"column":null}},"4":{"start":{"line":5,"column":13},"end":{"line":5,"column":27}}},"fnMap":{},"branchMap":{},"s":{"0":0,"1":0,"2":0,"3":0,"4":0},"f":{},"b":{}}
,"/Users/davidpopoola/fitted/wip/group-orders-backend/src/auth/guards/local.strategy.ts": {"path":"/Users/davidpopoola/fitted/wip/group-orders-backend/src/auth/guards/local.strategy.ts","statementMap":{"0":{"start":{"line":1,"column":0},"end":{"line":1,"column":67}},"1":{"start":{"line":2,"column":0},"end":{"line":2,"column":52}},"2":{"start":{"line":3,"column":0},"end":{"line":3,"column":42}},"3":{"start":{"line":4,"column":0},"end":{"line":4,"column":55}},"4":{"start":{"line":7,"column":0},"end":{"line":19,"column":null}},"5":{"start":{"line":9,"column":4},"end":{"line":9,"column":12}},"6":{"start":{"line":8,"column":22},"end":{"line":8,"column":35}},"7":{"start":{"line":7,"column":13},"end":{"line":19,"column":null}},"8":{"start":{"line":7,"column":13},"end":{"line":7,"column":26}}},"fnMap":{"0":{"name":"(anonymous_2)","decl":{"start":{"line":8,"column":2},"end":{"line":8,"column":22}},"loc":{"start":{"line":8,"column":46},"end":{"line":10,"column":3}}}},"branchMap":{},"s":{"0":1,"1":1,"2":1,"3":1,"4":1,"5":1,"6":1,"7":1,"8":1},"f":{"0":1},"b":{}}
,"/Users/davidpopoola/fitted/wip/group-orders-backend/src/auth/guards/roles.guard.ts": {"path":"/Users/davidpopoola/fitted/wip/group-orders-backend/src/auth/guards/roles.guard.ts","statementMap":{"0":{"start":{"line":1,"column":0},"end":{"line":1,"column":75}},"1":{"start":{"line":2,"column":0},"end":{"line":2,"column":41}},"2":{"start":{"line":4,"column":0},"end":{"line":4,"column":67}},"3":{"start":{"line":7,"column":0},"end":{"line":22,"column":null}},"4":{"start":{"line":8,"column":22},"end":{"line":8,"column":33}},"5":{"start":{"line":11,"column":26},"end":{"line":13,"column":null}},"6":{"start":{"line":15,"column":4},"end":{"line":17,"column":null}},"7":{"start":{"line":16,"column":6},"end":{"line":16,"column":18}},"8":{"start":{"line":18,"column":21},"end":{"line":18,"column":56}},"9":{"start":{"line":20,"column":4},"end":{"line":20,"column":67}},"10":{"start":{"line":20,"column":40},"end":{"line":20,"column":66}},"11":{"start":{"line":7,"column":13},"end":{"line":22,"column":null}},"12":{"start":{"line":7,"column":13},"end":{"line":7,"column":23}}},"fnMap":{"0":{"name":"(anonymous_2)","decl":{"start":{"line":8,"column":2},"end":{"line":8,"column":22}},"loc":{"start":{"line":8,"column":42},"end":{"line":8,"column":46}}},"1":{"name":"(anonymous_3)","decl":{"start":{"line":10,"column":2},"end":{"line":10,"column":13}},"loc":{"start":{"line":10,"column":39},"end":{"line":21,"column":3}}},"2":{"name":"(anonymous_4)","decl":{"start":{"line":20,"column":30},"end":{"line":20,"column":31}},"loc":{"start":{"line":20,"column":39},"end":{"line":20,"column":66}}}},"branchMap":{"0":{"loc":{"start":{"line":15,"column":4},"end":{"line":17,"column":null}},"type":"if","locations":[{"start":{"line":15,"column":4},"end":{"line":17,"column":null}},{"start":{"line":15,"column":4},"end":{"line":17,"column":null}}]},"1":{"loc":{"start":{"line":20,"column":49},"end":{"line":20,"column":51}},"type":"cond-expr","locations":[{"start":{"line":20,"column":49},"end":{"line":20,"column":51}},{"start":{"line":20,"column":49},"end":{"line":20,"column":65}}]},"2":{"loc":{"start":{"line":20,"column":40},"end":{"line":20,"column":51}},"type":"binary-expr","locations":[{"start":{"line":20,"column":40},"end":{"line":20,"column":51}},{"start":{"line":20,"column":49},"end":{"line":20,"column":51}}]}},"s":{"0":0,"1":0,"2":0,"3":0,"4":0,"5":0,"6":0,"7":0,"8":0,"9":0,"10":0,"11":0,"12":0},"f":{"0":0,"1":0,"2":0},"b":{"0":[0,0],"1":[0,0],"2":[0,0]}}
,"/Users/davidpopoola/fitted/wip/group-orders-backend/src/auth/models/emailVerification.model.ts": {"path":"/Users/davidpopoola/fitted/wip/group-orders-backend/src/auth/models/emailVerification.model.ts","statementMap":{"0":{"start":{"line":1,"column":0},"end":{"line":1,"column":63}},"1":{"start":{"line":7,"column":0},"end":{"line":14,"column":null}},"2":{"start":{"line":10,"column":2},"end":{"line":10,"column":null}},"3":{"start":{"line":13,"column":2},"end":{"line":13,"column":null}},"4":{"start":{"line":7,"column":13},"end":{"line":14,"column":null}},"5":{"start":{"line":7,"column":13},"end":{"line":7,"column":30}},"6":{"start":{"line":16,"column":13},"end":{"line":17,"column":50}}},"fnMap":{},"branchMap":{},"s":{"0":3,"1":3,"2":3,"3":3,"4":3,"5":3,"6":3},"f":{},"b":{}}
,"/Users/davidpopoola/fitted/wip/group-orders-backend/src/auth/models/phoneVerification.model.ts": {"path":"/Users/davidpopoola/fitted/wip/group-orders-backend/src/auth/models/phoneVerification.model.ts","statementMap":{"0":{"start":{"line":1,"column":0},"end":{"line":1,"column":63}},"1":{"start":{"line":7,"column":0},"end":{"line":21,"column":null}},"2":{"start":{"line":19,"column":4},"end":{"line":19,"column":41}},"3":{"start":{"line":10,"column":2},"end":{"line":10,"column":null}},"4":{"start":{"line":13,"column":2},"end":{"line":13,"column":null}},"5":{"start":{"line":16,"column":2},"end":{"line":16,"column":null}},"6":{"start":{"line":7,"column":13},"end":{"line":21,"column":null}},"7":{"start":{"line":7,"column":13},"end":{"line":7,"column":28}},"8":{"start":{"line":23,"column":13},"end":{"line":24,"column":48}}},"fnMap":{"0":{"name":"(anonymous_2)","decl":{"start":{"line":18,"column":2},"end":{"line":18,"column":14}},"loc":{"start":{"line":18,"column":55},"end":{"line":20,"column":3}}}},"branchMap":{},"s":{"0":4,"1":4,"2":3,"3":4,"4":4,"5":4,"6":4,"7":4,"8":4},"f":{"0":3},"b":{}}
,"/Users/davidpopoola/fitted/wip/group-orders-backend/src/auth/services/auth.service.ts": {"path":"/Users/davidpopoola/fitted/wip/group-orders-backend/src/auth/services/auth.service.ts","statementMap":{"0":{"start":{"line":1,"column":0},"end":{"line":1,"column":null}},"1":{"start":{"line":8,"column":0},"end":{"line":8,"column":41}},"2":{"start":{"line":9,"column":0},"end":{"line":9,"column":47}},"3":{"start":{"line":10,"column":0},"end":{"line":10,"column":35}},"4":{"start":{"line":11,"column":0},"end":{"line":11,"column":42}},"5":{"start":{"line":12,"column":0},"end":{"line":12,"column":37}},"6":{"start":{"line":13,"column":0},"end":{"line":13,"column":33}},"7":{"start":{"line":14,"column":0},"end":{"line":14,"column":33}},"8":{"start":{"line":17,"column":0},"end":{"line":17,"column":44}},"9":{"start":{"line":21,"column":0},"end":{"line":21,"column":null}},"10":{"start":{"line":25,"column":0},"end":{"line":25,"column":66}},"11":{"start":{"line":26,"column":0},"end":{"line":26,"column":69}},"12":{"start":{"line":27,"column":0},"end":{"line":27,"column":75}},"13":{"start":{"line":41,"column":0},"end":{"line":41,"column":null}},"14":{"start":{"line":45,"column":0},"end":{"line":45,"column":null}},"15":{"start":{"line":51,"column":0},"end":{"line":373,"column":null}},"16":{"start":{"line":53,"column":12},"end":{"line":53,"column":26}},"17":{"start":{"line":55,"column":12},"end":{"line":55,"column":34}},"18":{"start":{"line":57,"column":12},"end":{"line":57,"column":36}},"19":{"start":{"line":59,"column":12},"end":{"line":59,"column":30}},"20":{"start":{"line":60,"column":12},"end":{"line":60,"column":30}},"21":{"start":{"line":61,"column":12},"end":{"line":61,"column":17}},"22":{"start":{"line":62,"column":12},"end":{"line":62,"column":28}},"23":{"start":{"line":68,"column":4},"end":{"line":68,"column":47}},"24":{"start":{"line":71,"column":4},"end":{"line":71,"column":47}},"25":{"start":{"line":74,"column":4},"end":{"line":74,"column":47}},"26":{"start":{"line":78,"column":4},"end":{"line":80,"column":null}},"27":{"start":{"line":79,"column":6},"end":{"line":79,"column":62}},"28":{"start":{"line":81,"column":27},"end":{"line":81,"column":58}},"29":{"start":{"line":82,"column":17},"end":{"line":82,"column":69}},"30":{"start":{"line":83,"column":4},"end":{"line":85,"column":null}},"31":{"start":{"line":84,"column":6},"end":{"line":84,"column":39}},"32":{"start":{"line":88,"column":6},"end":{"line":88,"column":77}},"33":{"start":{"line":90,"column":4},"end":{"line":95,"column":null}},"34":{"start":{"line":91,"column":6},"end":{"line":94,"column":8}},"35":{"start":{"line":96,"column":32},"end":{"line":97,"column":null}},"36":{"start":{"line":99,"column":4},"end":{"line":99,"column":31}},"37":{"start":{"line":101,"column":4},"end":{"line":101,"column":24}},"38":{"start":{"line":107,"column":35},"end":{"line":109,"column":13}},"39":{"start":{"line":111,"column":4},"end":{"line":113,"column":null}},"40":{"start":{"line":112,"column":6},"end":{"line":112,"column":74}},"41":{"start":{"line":115,"column":17},"end":{"line":116,"column":null}},"42":{"start":{"line":119,"column":4},"end":{"line":123,"column":null}},"43":{"start":{"line":120,"column":6},"end":{"line":122,"column":8}},"44":{"start":{"line":125,"column":4},"end":{"line":128,"column":6}},"45":{"start":{"line":130,"column":4},"end":{"line":132,"column":7}},"46":{"start":{"line":134,"column":4},"end":{"line":134,"column":16}},"47":{"start":{"line":138,"column":20},"end":{"line":138,"column":38}},"48":{"start":{"line":139,"column":28},"end":{"line":141,"column":13}},"49":{"start":{"line":142,"column":4},"end":{"line":144,"column":null}},"50":{"start":{"line":143,"column":6},"end":{"line":143,"column":40}},"51":{"start":{"line":145,"column":4},"end":{"line":145,"column":49}},"52":{"start":{"line":146,"column":4},"end":{"line":146,"column":78}},"53":{"start":{"line":147,"column":4},"end":{"line":147,"column":33}},"54":{"start":{"line":148,"column":4},"end":{"line":148,"column":72}},"55":{"start":{"line":149,"column":4},"end":{"line":149,"column":16}},"56":{"start":{"line":153,"column":20},"end":{"line":153,"column":38}},"57":{"start":{"line":154,"column":34},"end":{"line":158,"column":6}},"58":{"start":{"line":159,"column":4},"end":{"line":159,"column":75}},"59":{"start":{"line":160,"column":4},"end":{"line":160,"column":36}},"60":{"start":{"line":161,"column":4},"end":{"line":161,"column":72}},"61":{"start":{"line":162,"column":4},"end":{"line":162,"column":16}},"62":{"start":{"line":168,"column":33},"end":{"line":168,"column":53}},"63":{"start":{"line":169,"column":4},"end":{"line":169,"column":43}},"64":{"start":{"line":170,"column":17},"end":{"line":171,"column":null}},"65":{"start":{"line":173,"column":4},"end":{"line":173,"column":44}},"66":{"start":{"line":179,"column":38},"end":{"line":179,"column":46}},"67":{"start":{"line":180,"column":17},"end":{"line":181,"column":null}},"68":{"start":{"line":184,"column":4},"end":{"line":184,"column":49}},"69":{"start":{"line":188,"column":32},"end":{"line":188,"column":40}},"70":{"start":{"line":189,"column":17},"end":{"line":189,"column":69}},"71":{"start":{"line":191,"column":4},"end":{"line":191,"column":49}},"72":{"start":{"line":199,"column":4},"end":{"line":203,"column":null}},"73":{"start":{"line":200,"column":6},"end":{"line":202,"column":8}},"74":{"start":{"line":204,"column":4},"end":{"line":215,"column":null}},"75":{"start":{"line":205,"column":27},"end":{"line":206,"column":null}},"76":{"start":{"line":208,"column":32},"end":{"line":208,"column":76}},"77":{"start":{"line":210,"column":6},"end":{"line":214,"column":null}},"78":{"start":{"line":211,"column":8},"end":{"line":213,"column":10}},"79":{"start":{"line":217,"column":20},"end":{"line":221,"column":6}},"80":{"start":{"line":223,"column":4},"end":{"line":226,"column":6}},"81":{"start":{"line":232,"column":4},"end":{"line":235,"column":6}},"82":{"start":{"line":236,"column":4},"end":{"line":236,"column":71}},"83":{"start":{"line":237,"column":4},"end":{"line":239,"column":6}},"84":{"start":{"line":240,"column":29},"end":{"line":241,"column":null}},"85":{"start":{"line":243,"column":20},"end":{"line":247,"column":6}},"86":{"start":{"line":249,"column":4},"end":{"line":252,"column":6}},"87":{"start":{"line":258,"column":4},"end":{"line":258,"column":66}},"88":{"start":{"line":259,"column":4},"end":{"line":259,"column":78}},"89":{"start":{"line":260,"column":4},"end":{"line":260,"column":75}},"90":{"start":{"line":261,"column":24},"end":{"line":261,"column":77}},"91":{"start":{"line":263,"column":20},"end":{"line":267,"column":6}},"92":{"start":{"line":269,"column":4},"end":{"line":272,"column":6}},"93":{"start":{"line":278,"column":4},"end":{"line":278,"column":72}},"94":{"start":{"line":279,"column":4},"end":{"line":281,"column":6}},"95":{"start":{"line":282,"column":4},"end":{"line":285,"column":6}},"96":{"start":{"line":286,"column":4},"end":{"line":286,"column":71}},"97":{"start":{"line":292,"column":4},"end":{"line":292,"column":71}},"98":{"start":{"line":293,"column":4},"end":{"line":295,"column":6}},"99":{"start":{"line":296,"column":4},"end":{"line":299,"column":6}},"100":{"start":{"line":300,"column":4},"end":{"line":300,"column":69}},"101":{"start":{"line":305,"column":6},"end":{"line":305,"column":64}},"102":{"start":{"line":306,"column":4},"end":{"line":310,"column":null}},"103":{"start":{"line":307,"column":6},"end":{"line":309,"column":8}},"104":{"start":{"line":317,"column":6},"end":{"line":317,"column":76}},"105":{"start":{"line":318,"column":4},"end":{"line":322,"column":null}},"106":{"start":{"line":319,"column":6},"end":{"line":321,"column":8}},"107":{"start":{"line":326,"column":14},"end":{"line":326,"column":16}},"108":{"start":{"line":327,"column":4},"end":{"line":330,"column":null}},"109":{"start":{"line":327,"column":17},"end":{"line":327,"column":18}},"110":{"start":{"line":328,"column":24},"end":{"line":328,"column":52}},"111":{"start":{"line":329,"column":6},"end":{"line":329,"column":23}},"112":{"start":{"line":331,"column":4},"end":{"line":331,"column":29}},"113":{"start":{"line":335,"column":17},"end":{"line":335,"column":63}},"114":{"start":{"line":336,"column":4},"end":{"line":338,"column":null}},"115":{"start":{"line":337,"column":6},"end":{"line":337,"column":76}},"116":{"start":{"line":339,"column":4},"end":{"line":339,"column":16}},"117":{"start":{"line":343,"column":38},"end":{"line":345,"column":13}},"118":{"start":{"line":346,"column":4},"end":{"line":350,"column":null}},"119":{"start":{"line":347,"column":6},"end":{"line":349,"column":8}},"120":{"start":{"line":351,"column":4},"end":{"line":353,"column":null}},"121":{"start":{"line":352,"column":6},"end":{"line":352,"column":58}},"122":{"start":{"line":355,"column":4},"end":{"line":357,"column":null}},"123":{"start":{"line":356,"column":6},"end":{"line":356,"column":63}},"124":{"start":{"line":359,"column":4},"end":{"line":359,"column":16}},"125":{"start":{"line":366,"column":4},"end":{"line":368,"column":null}},"126":{"start":{"line":367,"column":6},"end":{"line":367,"column":18}},"127":{"start":{"line":369,"column":4},"end":{"line":371,"column":6}},"128":{"start":{"line":51,"column":13},"end":{"line":373,"column":null}},"129":{"start":{"line":51,"column":13},"end":{"line":51,"column":24}}},"fnMap":{"0":{"name":"(anonymous_4)","decl":{"start":{"line":52,"column":2},"end":{"line":52,"column":null}},"loc":{"start":{"line":62,"column":42},"end":{"line":63,"column":6}}},"1":{"name":"(anonymous_5)","decl":{"start":{"line":65,"column":2},"end":{"line":65,"column":31}},"loc":{"start":{"line":66,"column":54},"end":{"line":69,"column":3}}},"2":{"name":"(anonymous_6)","decl":{"start":{"line":70,"column":2},"end":{"line":70,"column":17}},"loc":{"start":{"line":70,"column":31},"end":{"line":72,"column":3}}},"3":{"name":"(anonymous_7)","decl":{"start":{"line":73,"column":2},"end":{"line":73,"column":15}},"loc":{"start":{"line":73,"column":69},"end":{"line":75,"column":3}}},"4":{"name":"(anonymous_8)","decl":{"start":{"line":77,"column":2},"end":{"line":77,"column":7}},"loc":{"start":{"line":77,"column":43},"end":{"line":102,"column":3}}},"5":{"name":"(anonymous_9)","decl":{"start":{"line":103,"column":2},"end":{"line":103,"column":7}},"loc":{"start":{"line":105,"column":17},"end":{"line":135,"column":3}}},"6":{"name":"(anonymous_10)","decl":{"start":{"line":137,"column":2},"end":{"line":137,"column":7}},"loc":{"start":{"line":137,"column":45},"end":{"line":150,"column":3}}},"7":{"name":"(anonymous_11)","decl":{"start":{"line":152,"column":2},"end":{"line":152,"column":7}},"loc":{"start":{"line":152,"column":43},"end":{"line":163,"column":3}}},"8":{"name":"(anonymous_12)","decl":{"start":{"line":165,"column":2},"end":{"line":165,"column":7}},"loc":{"start":{"line":166,"column":46},"end":{"line":174,"column":3}}},"9":{"name":"(anonymous_13)","decl":{"start":{"line":176,"column":2},"end":{"line":176,"column":7}},"loc":{"start":{"line":177,"column":33},"end":{"line":185,"column":3}}},"10":{"name":"(anonymous_14)","decl":{"start":{"line":187,"column":2},"end":{"line":187,"column":7}},"loc":{"start":{"line":187,"column":46},"end":{"line":192,"column":3}}},"11":{"name":"(anonymous_15)","decl":{"start":{"line":194,"column":10},"end":{"line":194,"column":15}},"loc":{"start":{"line":197,"column":25},"end":{"line":227,"column":3}}},"12":{"name":"(anonymous_16)","decl":{"start":{"line":229,"column":2},"end":{"line":229,"column":7}},"loc":{"start":{"line":230,"column":46},"end":{"line":253,"column":3}}},"13":{"name":"(anonymous_17)","decl":{"start":{"line":255,"column":2},"end":{"line":255,"column":7}},"loc":{"start":{"line":256,"column":36},"end":{"line":273,"column":3}}},"14":{"name":"(anonymous_18)","decl":{"start":{"line":275,"column":2},"end":{"line":275,"column":7}},"loc":{"start":{"line":276,"column":48},"end":{"line":287,"column":3}}},"15":{"name":"(anonymous_19)","decl":{"start":{"line":289,"column":2},"end":{"line":289,"column":7}},"loc":{"start":{"line":290,"column":46},"end":{"line":301,"column":3}}},"16":{"name":"(anonymous_20)","decl":{"start":{"line":303,"column":10},"end":{"line":303,"column":15}},"loc":{"start":{"line":303,"column":57},"end":{"line":311,"column":3}}},"17":{"name":"(anonymous_21)","decl":{"start":{"line":313,"column":10},"end":{"line":313,"column":15}},"loc":{"start":{"line":314,"column":23},"end":{"line":323,"column":3}}},"18":{"name":"(anonymous_22)","decl":{"start":{"line":325,"column":9},"end":{"line":325,"column":20}},"loc":{"start":{"line":325,"column":20},"end":{"line":332,"column":3}}},"19":{"name":"(anonymous_23)","decl":{"start":{"line":334,"column":2},"end":{"line":334,"column":7}},"loc":{"start":{"line":334,"column":27},"end":{"line":340,"column":3}}},"20":{"name":"(anonymous_24)","decl":{"start":{"line":342,"column":9},"end":{"line":342,"column":14}},"loc":{"start":{"line":342,"column":57},"end":{"line":360,"column":3}}},"21":{"name":"(anonymous_25)","decl":{"start":{"line":362,"column":10},"end":{"line":362,"column":30}},"loc":{"start":{"line":364,"column":27},"end":{"line":372,"column":3}}}},"branchMap":{"0":{"loc":{"start":{"line":78,"column":4},"end":{"line":80,"column":null}},"type":"if","locations":[{"start":{"line":78,"column":4},"end":{"line":80,"column":null}},{"start":{"line":78,"column":4},"end":{"line":80,"column":null}}]},"1":{"loc":{"start":{"line":83,"column":4},"end":{"line":85,"column":null}},"type":"if","locations":[{"start":{"line":83,"column":4},"end":{"line":85,"column":null}},{"start":{"line":83,"column":4},"end":{"line":85,"column":null}}]},"2":{"loc":{"start":{"line":83,"column":8},"end":{"line":83,"column":13}},"type":"binary-expr","locations":[{"start":{"line":83,"column":8},"end":{"line":83,"column":13}},{"start":{"line":83,"column":17},"end":{"line":83,"column":33}}]},"3":{"loc":{"start":{"line":90,"column":4},"end":{"line":95,"column":null}},"type":"if","locations":[{"start":{"line":90,"column":4},"end":{"line":95,"column":null}},{"start":{"line":90,"column":4},"end":{"line":95,"column":null}}]},"4":{"loc":{"start":{"line":111,"column":4},"end":{"line":113,"column":null}},"type":"if","locations":[{"start":{"line":111,"column":4},"end":{"line":113,"column":null}},{"start":{"line":111,"column":4},"end":{"line":113,"column":null}}]},"5":{"loc":{"start":{"line":119,"column":4},"end":{"line":123,"column":null}},"type":"if","locations":[{"start":{"line":119,"column":4},"end":{"line":123,"column":null}},{"start":{"line":119,"column":4},"end":{"line":123,"column":null}}]},"6":{"loc":{"start":{"line":142,"column":4},"end":{"line":144,"column":null}},"type":"if","locations":[{"start":{"line":142,"column":4},"end":{"line":144,"column":null}},{"start":{"line":142,"column":4},"end":{"line":144,"column":null}}]},"7":{"loc":{"start":{"line":199,"column":4},"end":{"line":203,"column":null}},"type":"if","locations":[{"start":{"line":199,"column":4},"end":{"line":203,"column":null}},{"start":{"line":199,"column":4},"end":{"line":203,"column":null}}]},"8":{"loc":{"start":{"line":204,"column":4},"end":{"line":215,"column":null}},"type":"if","locations":[{"start":{"line":204,"column":4},"end":{"line":215,"column":null}},{"start":{"line":204,"column":4},"end":{"line":215,"column":null}}]},"9":{"loc":{"start":{"line":210,"column":6},"end":{"line":214,"column":null}},"type":"if","locations":[{"start":{"line":210,"column":6},"end":{"line":214,"column":null}},{"start":{"line":210,"column":6},"end":{"line":214,"column":null}}]},"10":{"loc":{"start":{"line":306,"column":4},"end":{"line":310,"column":null}},"type":"if","locations":[{"start":{"line":306,"column":4},"end":{"line":310,"column":null}},{"start":{"line":306,"column":4},"end":{"line":310,"column":null}}]},"11":{"loc":{"start":{"line":318,"column":4},"end":{"line":322,"column":null}},"type":"if","locations":[{"start":{"line":318,"column":4},"end":{"line":322,"column":null}},{"start":{"line":318,"column":4},"end":{"line":322,"column":null}}]},"12":{"loc":{"start":{"line":336,"column":4},"end":{"line":338,"column":null}},"type":"if","locations":[{"start":{"line":336,"column":4},"end":{"line":338,"column":null}},{"start":{"line":336,"column":4},"end":{"line":338,"column":null}}]},"13":{"loc":{"start":{"line":346,"column":4},"end":{"line":350,"column":null}},"type":"if","locations":[{"start":{"line":346,"column":4},"end":{"line":350,"column":null}},{"start":{"line":346,"column":4},"end":{"line":350,"column":null}}]},"14":{"loc":{"start":{"line":351,"column":4},"end":{"line":353,"column":null}},"type":"if","locations":[{"start":{"line":351,"column":4},"end":{"line":353,"column":null}},{"start":{"line":351,"column":4},"end":{"line":353,"column":null}}]},"15":{"loc":{"start":{"line":355,"column":4},"end":{"line":357,"column":null}},"type":"if","locations":[{"start":{"line":355,"column":4},"end":{"line":357,"column":null}},{"start":{"line":355,"column":4},"end":{"line":357,"column":null}}]},"16":{"loc":{"start":{"line":366,"column":4},"end":{"line":368,"column":null}},"type":"if","locations":[{"start":{"line":366,"column":4},"end":{"line":368,"column":null}},{"start":{"line":366,"column":4},"end":{"line":368,"column":null}}]}},"s":{"0":3,"1":3,"2":3,"3":3,"4":3,"5":3,"6":3,"7":3,"8":3,"9":3,"10":3,"11":3,"12":3,"13":3,"14":3,"15":3,"16":2,"17":2,"18":2,"19":2,"20":2,"21":2,"22":2,"23":0,"24":0,"25":0,"26":0,"27":0,"28":0,"29":0,"30":0,"31":0,"32":0,"33":0,"34":0,"35":0,"36":0,"37":0,"38":0,"39":0,"40":0,"41":0,"42":0,"43":0,"44":0,"45":0,"46":0,"47":0,"48":0,"49":0,"50":0,"51":0,"52":0,"53":0,"54":0,"55":0,"56":0,"57":0,"58":0,"59":0,"60":0,"61":0,"62":0,"63":0,"64":0,"65":0,"66":0,"67":0,"68":0,"69":0,"70":0,"71":0,"72":0,"73":0,"74":0,"75":0,"76":0,"77":0,"78":0,"79":0,"80":0,"81":1,"82":1,"83":1,"84":1,"85":1,"86":1,"87":1,"88":1,"89":1,"90":1,"91":1,"92":1,"93":1,"94":1,"95":1,"96":1,"97":1,"98":1,"99":1,"100":1,"101":4,"102":4,"103":0,"104":4,"105":4,"106":0,"107":4,"108":4,"109":4,"110":16,"111":16,"112":4,"113":2,"114":2,"115":1,"116":1,"117":4,"118":4,"119":1,"120":3,"121":1,"122":2,"123":1,"124":1,"125":1,"126":1,"127":0,"128":3,"129":3},"f":{"0":2,"1":0,"2":0,"3":0,"4":0,"5":0,"6":0,"7":0,"8":0,"9":0,"10":0,"11":0,"12":1,"13":1,"14":1,"15":1,"16":4,"17":4,"18":4,"19":2,"20":4,"21":1},"b":{"0":[0,0],"1":[0,0],"2":[0,0],"3":[0,0],"4":[0,0],"5":[0,0],"6":[0,0],"7":[0,0],"8":[0,0],"9":[0,0],"10":[0,4],"11":[0,4],"12":[1,1],"13":[1,3],"14":[1,2],"15":[1,1],"16":[1,0]}}
,"/Users/davidpopoola/fitted/wip/group-orders-backend/src/config/configuration.ts": {"path":"/Users/davidpopoola/fitted/wip/group-orders-backend/src/config/configuration.ts","statementMap":{"0":{"start":{"line":1,"column":0},"end":{"line":7,"column":3}},"1":{"start":{"line":1,"column":22},"end":{"line":7,"column":2}}},"fnMap":{"0":{"name":"(anonymous_0)","decl":{"start":{"line":1,"column":15},"end":{"line":1,"column":18}},"loc":{"start":{"line":1,"column":22},"end":{"line":7,"column":2}}}},"branchMap":{"0":{"loc":{"start":{"line":2,"column":8},"end":{"line":2,"column":38}},"type":"binary-expr","locations":[{"start":{"line":2,"column":8},"end":{"line":2,"column":38}},{"start":{"line":2,"column":42},"end":{"line":2,"column":46}}]},"1":{"loc":{"start":{"line":5,"column":10},"end":{"line":5,"column":49}},"type":"binary-expr","locations":[{"start":{"line":5,"column":10},"end":{"line":5,"column":49}},{"start":{"line":5,"column":53},"end":{"line":5,"column":57}}]}},"s":{"0":0,"1":0},"f":{"0":0},"b":{"0":[0,0],"1":[0,0]}}
,"/Users/davidpopoola/fitted/wip/group-orders-backend/src/config/index.ts": {"path":"/Users/davidpopoola/fitted/wip/group-orders-backend/src/config/index.ts","statementMap":{"0":{"start":{"line":1,"column":0},"end":{"line":1,"column":33}},"1":{"start":{"line":2,"column":0},"end":{"line":2,"column":27}},"2":{"start":{"line":4,"column":0},"end":{"line":6,"column":20}},"3":{"start":{"line":9,"column":22},"end":{"line":52,"column":13}},"4":{"start":{"line":54,"column":34},"end":{"line":54,"column":69}},"5":{"start":{"line":55,"column":0},"end":{"line":57,"column":null}},"6":{"start":{"line":56,"column":2},"end":{"line":56,"column":55}},"7":{"start":{"line":59,"column":13},"end":{"line":100,"column":2}}},"fnMap":{},"branchMap":{"0":{"loc":{"start":{"line":5,"column":4},"end":{"line":5,"column":49}},"type":"cond-expr","locations":[{"start":{"line":5,"column":4},"end":{"line":5,"column":49}},{"start":{"line":6,"column":4},"end":{"line":6,"column":19}}]},"1":{"loc":{"start":{"line":55,"column":0},"end":{"line":57,"column":null}},"type":"if","locations":[{"start":{"line":55,"column":0},"end":{"line":57,"column":null}},{"start":{"line":55,"column":0},"end":{"line":57,"column":null}}]},"2":{"loc":{"start":{"line":68,"column":64},"end":{"line":68,"column":71}},"type":"cond-expr","locations":[{"start":{"line":68,"column":64},"end":{"line":68,"column":71}},{"start":{"line":68,"column":74},"end":{"line":68,"column":76}}]},"3":{"loc":{"start":{"line":99,"column":4},"end":{"line":99,"column":31}},"type":"binary-expr","locations":[{"start":{"line":99,"column":4},"end":{"line":99,"column":31}},{"start":{"line":99,"column":35},"end":{"line":99,"column":69}}]}},"s":{"0":4,"1":4,"2":4,"3":4,"4":4,"5":4,"6":0,"7":4},"f":{},"b":{"0":[0,4],"1":[0,4],"2":[4,0],"3":[4,0]}}
,"/Users/davidpopoola/fitted/wip/group-orders-backend/src/groups/groups.module.ts": {"path":"/Users/davidpopoola/fitted/wip/group-orders-backend/src/groups/groups.module.ts","statementMap":{"0":{"start":{"line":1,"column":0},"end":{"line":1,"column":52}},"1":{"start":{"line":2,"column":0},"end":{"line":2,"column":50}},"2":{"start":{"line":3,"column":0},"end":{"line":3,"column":49}},"3":{"start":{"line":4,"column":0},"end":{"line":4,"column":76}},"4":{"start":{"line":5,"column":0},"end":{"line":5,"column":52}},"5":{"start":{"line":6,"column":0},"end":{"line":6,"column":64}},"6":{"start":{"line":7,"column":0},"end":{"line":7,"column":70}},"7":{"start":{"line":8,"column":0},"end":{"line":8,"column":67}},"8":{"start":{"line":9,"column":0},"end":{"line":9,"column":58}},"9":{"start":{"line":10,"column":0},"end":{"line":10,"column":null}},"10":{"start":{"line":14,"column":0},"end":{"line":14,"column":null}},"11":{"start":{"line":18,"column":0},"end":{"line":18,"column":58}},"12":{"start":{"line":19,"column":0},"end":{"line":19,"column":58}},"13":{"start":{"line":39,"column":0},"end":{"line":39,"column":null}},"14":{"start":{"line":39,"column":13},"end":{"line":39,"column":null}},"15":{"start":{"line":39,"column":13},"end":{"line":39,"column":25}}},"fnMap":{},"branchMap":{},"s":{"0":0,"1":0,"2":0,"3":0,"4":0,"5":0,"6":0,"7":0,"8":0,"9":0,"10":0,"11":0,"12":0,"13":0,"14":0,"15":0},"f":{},"b":{}}
,"/Users/davidpopoola/fitted/wip/group-orders-backend/src/groups/__stubs__/dtoStubs.ts": {"path":"/Users/davidpopoola/fitted/wip/group-orders-backend/src/groups/__stubs__/dtoStubs.ts","statementMap":{"0":{"start":{"line":1,"column":0},"end":{"line":1,"column":37}},"1":{"start":{"line":2,"column":0},"end":{"line":2,"column":55}},"2":{"start":{"line":3,"column":0},"end":{"line":3,"column":57}},"3":{"start":{"line":4,"column":0},"end":{"line":4,"column":57}},"4":{"start":{"line":5,"column":0},"end":{"line":5,"column":54}},"5":{"start":{"line":6,"column":0},"end":{"line":6,"column":54}},"6":{"start":{"line":8,"column":34},"end":{"line":17,"column":1}},"7":{"start":{"line":9,"column":16},"end":{"line":15,"column":4}},"8":{"start":{"line":16,"column":2},"end":{"line":16,"column":35}},"9":{"start":{"line":8,"column":13},"end":{"line":8,"column":34}},"10":{"start":{"line":19,"column":34},"end":{"line":25,"column":1}},"11":{"start":{"line":20,"column":16},"end":{"line":23,"column":4}},"12":{"start":{"line":24,"column":2},"end":{"line":24,"column":35}},"13":{"start":{"line":19,"column":13},"end":{"line":19,"column":34}}},"fnMap":{"0":{"name":"(anonymous_0)","decl":{"start":{"line":8,"column":34},"end":{"line":8,"column":53}},"loc":{"start":{"line":8,"column":55},"end":{"line":17,"column":1}}},"1":{"name":"(anonymous_1)","decl":{"start":{"line":19,"column":34},"end":{"line":19,"column":53}},"loc":{"start":{"line":19,"column":55},"end":{"line":25,"column":1}}}},"branchMap":{},"s":{"0":1,"1":1,"2":1,"3":1,"4":1,"5":1,"6":1,"7":0,"8":0,"9":1,"10":1,"11":1,"12":1,"13":1},"f":{"0":0,"1":1},"b":{}}
,"/Users/davidpopoola/fitted/wip/group-orders-backend/src/groups/controllers/groups.controller.ts": {"path":"/Users/davidpopoola/fitted/wip/group-orders-backend/src/groups/controllers/groups.controller.ts","statementMap":{"0":{"start":{"line":1,"column":0},"end":{"line":1,"column":null}},"1":{"start":{"line":13,"column":0},"end":{"line":13,"column":64}},"2":{"start":{"line":15,"column":0},"end":{"line":15,"column":58}},"3":{"start":{"line":16,"column":0},"end":{"line":16,"column":69}},"4":{"start":{"line":17,"column":0},"end":{"line":17,"column":77}},"5":{"start":{"line":18,"column":0},"end":{"line":18,"column":74}},"6":{"start":{"line":20,"column":0},"end":{"line":20,"column":59}},"7":{"start":{"line":21,"column":0},"end":{"line":21,"column":73}},"8":{"start":{"line":22,"column":0},"end":{"line":22,"column":57}},"9":{"start":{"line":23,"column":0},"end":{"line":23,"column":57}},"10":{"start":{"line":24,"column":0},"end":{"line":24,"column":61}},"11":{"start":{"line":26,"column":0},"end":{"line":26,"column":70}},"12":{"start":{"line":27,"column":0},"end":{"line":27,"column":65}},"13":{"start":{"line":32,"column":0},"end":{"line":32,"column":59}},"14":{"start":{"line":34,"column":0},"end":{"line":34,"column":59}},"15":{"start":{"line":35,"column":0},"end":{"line":35,"column":63}},"16":{"start":{"line":38,"column":0},"end":{"line":169,"column":null}},"17":{"start":{"line":39,"column":31},"end":{"line":39,"column":46}},"18":{"start":{"line":45,"column":4},"end":{"line":45,"column":76}},"19":{"start":{"line":55,"column":4},"end":{"line":55,"column":67}},"20":{"start":{"line":65,"column":4},"end":{"line":65,"column":64}},"21":{"start":{"line":72,"column":4},"end":{"line":72,"column":57}},"22":{"start":{"line":79,"column":4},"end":{"line":81,"column":6}},"23":{"start":{"line":88,"column":4},"end":{"line":90,"column":6}},"24":{"start":{"line":112,"column":4},"end":{"line":112,"column":73}},"25":{"start":{"line":122,"column":4},"end":{"line":125,"column":6}},"26":{"start":{"line":135,"column":4},"end":{"line":138,"column":6}},"27":{"start":{"line":150,"column":4},"end":{"line":150,"column":69}},"28":{"start":{"line":162,"column":4},"end":{"line":162,"column":69}},"29":{"start":{"line":167,"column":4},"end":{"line":167,"column":56}},"30":{"start":{"line":42,"column":2},"end":{"line":46,"column":null}},"31":{"start":{"line":51,"column":2},"end":{"line":56,"column":null}},"32":{"start":{"line":61,"column":2},"end":{"line":66,"column":null}},"33":{"start":{"line":71,"column":2},"end":{"line":73,"column":null}},"34":{"start":{"line":76,"column":2},"end":{"line":82,"column":null}},"35":{"start":{"line":85,"column":2},"end":{"line":91,"column":null}},"36":{"start":{"line":108,"column":2},"end":{"line":113,"column":null}},"37":{"start":{"line":118,"column":2},"end":{"line":126,"column":null}},"38":{"start":{"line":131,"column":2},"end":{"line":139,"column":null}},"39":{"start":{"line":144,"column":2},"end":{"line":151,"column":null}},"40":{"start":{"line":156,"column":2},"end":{"line":163,"column":null}},"41":{"start":{"line":166,"column":2},"end":{"line":168,"column":null}},"42":{"start":{"line":38,"column":13},"end":{"line":169,"column":null}},"43":{"start":{"line":38,"column":13},"end":{"line":38,"column":29}}},"fnMap":{"0":{"name":"(anonymous_4)","decl":{"start":{"line":39,"column":2},"end":{"line":39,"column":31}},"loc":{"start":{"line":39,"column":59},"end":{"line":39,"column":63}}},"1":{"name":"(anonymous_5)","decl":{"start":{"line":42,"column":2},"end":{"line":42,"column":22}},"loc":{"start":{"line":43,"column":60},"end":{"line":46,"column":3}}},"2":{"name":"(anonymous_6)","decl":{"start":{"line":51,"column":2},"end":{"line":51,"column":13}},"loc":{"start":{"line":53,"column":24},"end":{"line":56,"column":3}}},"3":{"name":"(anonymous_7)","decl":{"start":{"line":61,"column":2},"end":{"line":61,"column":10}},"loc":{"start":{"line":63,"column":42},"end":{"line":66,"column":3}}},"4":{"name":"(anonymous_8)","decl":{"start":{"line":71,"column":2},"end":{"line":71,"column":23}},"loc":{"start":{"line":71,"column":44},"end":{"line":73,"column":3}}},"5":{"name":"(anonymous_9)","decl":{"start":{"line":76,"column":2},"end":{"line":76,"column":29}},"loc":{"start":{"line":77,"column":50},"end":{"line":82,"column":3}}},"6":{"name":"(anonymous_10)","decl":{"start":{"line":85,"column":2},"end":{"line":85,"column":32}},"loc":{"start":{"line":86,"column":58},"end":{"line":91,"column":3}}},"7":{"name":"(anonymous_11)","decl":{"start":{"line":108,"column":2},"end":{"line":108,"column":19}},"loc":{"start":{"line":110,"column":37},"end":{"line":113,"column":3}}},"8":{"name":"(anonymous_12)","decl":{"start":{"line":118,"column":2},"end":{"line":118,"column":26}},"loc":{"start":{"line":120,"column":37},"end":{"line":126,"column":3}}},"9":{"name":"(anonymous_13)","decl":{"start":{"line":131,"column":2},"end":{"line":131,"column":22}},"loc":{"start":{"line":133,"column":37},"end":{"line":139,"column":3}}},"10":{"name":"(anonymous_14)","decl":{"start":{"line":144,"column":2},"end":{"line":144,"column":17}},"loc":{"start":{"line":148,"column":37},"end":{"line":151,"column":3}}},"11":{"name":"(anonymous_15)","decl":{"start":{"line":156,"column":2},"end":{"line":156,"column":17}},"loc":{"start":{"line":160,"column":37},"end":{"line":163,"column":3}}},"12":{"name":"(anonymous_16)","decl":{"start":{"line":166,"column":2},"end":{"line":166,"column":17}},"loc":{"start":{"line":166,"column":53},"end":{"line":168,"column":3}}}},"branchMap":{},"s":{"0":0,"1":0,"2":0,"3":0,"4":0,"5":0,"6":0,"7":0,"8":0,"9":0,"10":0,"11":0,"12":0,"13":0,"14":0,"15":0,"16":0,"17":0,"18":0,"19":0,"20":0,"21":0,"22":0,"23":0,"24":0,"25":0,"26":0,"27":0,"28":0,"29":0,"30":0,"31":0,"32":0,"33":0,"34":0,"35":0,"36":0,"37":0,"38":0,"39":0,"40":0,"41":0,"42":0,"43":0},"f":{"0":0,"1":0,"2":0,"3":0,"4":0,"5":0,"6":0,"7":0,"8":0,"9":0,"10":0,"11":0,"12":0},"b":{}}
,"/Users/davidpopoola/fitted/wip/group-orders-backend/src/groups/dto/accept-invite-request.dto.ts": {"path":"/Users/davidpopoola/fitted/wip/group-orders-backend/src/groups/dto/accept-invite-request.dto.ts","statementMap":{"0":{"start":{"line":1,"column":0},"end":{"line":1,"column":null}},"1":{"start":{"line":10,"column":0},"end":{"line":10,"column":55}},"2":{"start":{"line":15,"column":2},"end":{"line":15,"column":null}},"3":{"start":{"line":19,"column":2},"end":{"line":19,"column":null}},"4":{"start":{"line":23,"column":2},"end":{"line":23,"column":null}},"5":{"start":{"line":26,"column":2},"end":{"line":26,"column":null}},"6":{"start":{"line":29,"column":2},"end":{"line":29,"column":null}},"7":{"start":{"line":32,"column":2},"end":{"line":32,"column":null}},"8":{"start":{"line":35,"column":2},"end":{"line":35,"column":null}},"9":{"start":{"line":38,"column":2},"end":{"line":38,"column":null}},"10":{"start":{"line":41,"column":2},"end":{"line":41,"column":null}},"11":{"start":{"line":12,"column":0},"end":{"line":12,"column":13}}},"fnMap":{},"branchMap":{},"s":{"0":0,"1":0,"2":0,"3":0,"4":0,"5":0,"6":0,"7":0,"8":0,"9":0,"10":0,"11":0},"f":{},"b":{}}
,"/Users/davidpopoola/fitted/wip/group-orders-backend/src/groups/dto/accept-invite-response.dto.ts": {"path":"/Users/davidpopoola/fitted/wip/group-orders-backend/src/groups/dto/accept-invite-response.dto.ts","statementMap":{"0":{"start":{"line":3,"column":0},"end":{"line":3,"column":13}}},"fnMap":{},"branchMap":{},"s":{"0":0},"f":{},"b":{}}
,"/Users/davidpopoola/fitted/wip/group-orders-backend/src/groups/dto/add-recipient.dto.ts": {"path":"/Users/davidpopoola/fitted/wip/group-orders-backend/src/groups/dto/add-recipient.dto.ts","statementMap":{"0":{"start":{"line":1,"column":0},"end":{"line":1,"column":null}},"1":{"start":{"line":45,"column":4},"end":{"line":45,"column":41}},"2":{"start":{"line":12,"column":2},"end":{"line":12,"column":null}},"3":{"start":{"line":15,"column":2},"end":{"line":15,"column":null}},"4":{"start":{"line":18,"column":2},"end":{"line":18,"column":null}},"5":{"start":{"line":21,"column":2},"end":{"line":21,"column":null}},"6":{"start":{"line":24,"column":2},"end":{"line":24,"column":null}},"7":{"start":{"line":27,"column":2},"end":{"line":27,"column":null}},"8":{"start":{"line":30,"column":2},"end":{"line":30,"column":null}},"9":{"start":{"line":33,"column":2},"end":{"line":33,"column":null}},"10":{"start":{"line":36,"column":2},"end":{"line":36,"column":null}},"11":{"start":{"line":39,"column":2},"end":{"line":39,"column":null}},"12":{"start":{"line":42,"column":2},"end":{"line":42,"column":null}},"13":{"start":{"line":10,"column":0},"end":{"line":10,"column":13}}},"fnMap":{"0":{"name":"(anonymous_2)","decl":{"start":{"line":44,"column":2},"end":{"line":44,"column":14}},"loc":{"start":{"line":44,"column":55},"end":{"line":46,"column":3}}}},"branchMap":{},"s":{"0":0,"1":0,"2":0,"3":0,"4":0,"5":0,"6":0,"7":0,"8":0,"9":0,"10":0,"11":0,"12":0,"13":0},"f":{"0":0},"b":{}}
,"/Users/davidpopoola/fitted/wip/group-orders-backend/src/groups/dto/create-event-signup.dto.ts": {"path":"/Users/davidpopoola/fitted/wip/group-orders-backend/src/groups/dto/create-event-signup.dto.ts","statementMap":{"0":{"start":{"line":1,"column":0},"end":{"line":1,"column":41}},"1":{"start":{"line":2,"column":0},"end":{"line":2,"column":79}},"2":{"start":{"line":3,"column":0},"end":{"line":3,"column":79}},"3":{"start":{"line":4,"column":0},"end":{"line":4,"column":55}},"4":{"start":{"line":5,"column":0},"end":{"line":5,"column":54}},"5":{"start":{"line":6,"column":0},"end":{"line":6,"column":54}},"6":{"start":{"line":29,"column":4},"end":{"line":29,"column":43}},"7":{"start":{"line":10,"column":2},"end":{"line":10,"column":null}},"8":{"start":{"line":13,"column":2},"end":{"line":13,"column":null}},"9":{"start":{"line":18,"column":2},"end":{"line":18,"column":null}},"10":{"start":{"line":21,"column":2},"end":{"line":21,"column":null}},"11":{"start":{"line":26,"column":2},"end":{"line":26,"column":null}},"12":{"start":{"line":25,"column":14},"end":{"line":25,"column":34}},"13":{"start":{"line":8,"column":0},"end":{"line":8,"column":13}}},"fnMap":{"0":{"name":"(anonymous_2)","decl":{"start":{"line":28,"column":2},"end":{"line":28,"column":14}},"loc":{"start":{"line":28,"column":65},"end":{"line":30,"column":3}}},"1":{"name":"(anonymous_3)","decl":{"start":{"line":25,"column":8},"end":{"line":25,"column":11}},"loc":{"start":{"line":25,"column":14},"end":{"line":25,"column":34}}}},"branchMap":{},"s":{"0":0,"1":0,"2":0,"3":0,"4":0,"5":0,"6":0,"7":0,"8":0,"9":0,"10":0,"11":0,"12":0,"13":0},"f":{"0":0,"1":0},"b":{}}
,"/Users/davidpopoola/fitted/wip/group-orders-backend/src/groups/dto/create-event.dto.ts": {"path":"/Users/davidpopoola/fitted/wip/group-orders-backend/src/groups/dto/create-event.dto.ts","statementMap":{"0":{"start":{"line":1,"column":0},"end":{"line":1,"column":74}},"1":{"start":{"line":2,"column":0},"end":{"line":2,"column":55}},"2":{"start":{"line":3,"column":0},"end":{"line":3,"column":54}},"3":{"start":{"line":4,"column":0},"end":{"line":4,"column":54}},"4":{"start":{"line":23,"column":4},"end":{"line":23,"column":40}},"5":{"start":{"line":8,"column":2},"end":{"line":8,"column":null}},"6":{"start":{"line":11,"column":2},"end":{"line":11,"column":null}},"7":{"start":{"line":14,"column":2},"end":{"line":14,"column":null}},"8":{"start":{"line":17,"column":2},"end":{"line":17,"column":null}},"9":{"start":{"line":20,"column":2},"end":{"line":20,"column":null}},"10":{"start":{"line":6,"column":0},"end":{"line":6,"column":13}}},"fnMap":{"0":{"name":"(anonymous_2)","decl":{"start":{"line":22,"column":2},"end":{"line":22,"column":14}},"loc":{"start":{"line":22,"column":53},"end":{"line":24,"column":3}}}},"branchMap":{},"s":{"0":1,"1":1,"2":1,"3":1,"4":0,"5":1,"6":1,"7":1,"8":1,"9":1,"10":1},"f":{"0":0},"b":{}}
,"/Users/davidpopoola/fitted/wip/group-orders-backend/src/groups/dto/create-group.dto.ts": {"path":"/Users/davidpopoola/fitted/wip/group-orders-backend/src/groups/dto/create-group.dto.ts","statementMap":{"0":{"start":{"line":1,"column":0},"end":{"line":1,"column":52}},"1":{"start":{"line":2,"column":0},"end":{"line":2,"column":55}},"2":{"start":{"line":12,"column":4},"end":{"line":12,"column":40}},"3":{"start":{"line":6,"column":2},"end":{"line":6,"column":null}},"4":{"start":{"line":9,"column":2},"end":{"line":9,"column":null}},"5":{"start":{"line":4,"column":0},"end":{"line":4,"column":13}}},"fnMap":{"0":{"name":"(anonymous_2)","decl":{"start":{"line":11,"column":2},"end":{"line":11,"column":14}},"loc":{"start":{"line":11,"column":53},"end":{"line":13,"column":3}}}},"branchMap":{},"s":{"0":1,"1":1,"2":1,"3":1,"4":1,"5":1},"f":{"0":1},"b":{}}
,"/Users/davidpopoola/fitted/wip/group-orders-backend/src/groups/dto/edit-recipient.dto.ts": {"path":"/Users/davidpopoola/fitted/wip/group-orders-backend/src/groups/dto/edit-recipient.dto.ts","statementMap":{"0":{"start":{"line":1,"column":0},"end":{"line":1,"column":null}},"1":{"start":{"line":50,"column":4},"end":{"line":50,"column":42}},"2":{"start":{"line":14,"column":2},"end":{"line":14,"column":null}},"3":{"start":{"line":17,"column":2},"end":{"line":17,"column":null}},"4":{"start":{"line":20,"column":2},"end":{"line":20,"column":null}},"5":{"start":{"line":23,"column":2},"end":{"line":23,"column":null}},"6":{"start":{"line":26,"column":2},"end":{"line":26,"column":null}},"7":{"start":{"line":29,"column":2},"end":{"line":29,"column":null}},"8":{"start":{"line":32,"column":2},"end":{"line":32,"column":null}},"9":{"start":{"line":35,"column":2},"end":{"line":35,"column":null}},"10":{"start":{"line":38,"column":2},"end":{"line":38,"column":null}},"11":{"start":{"line":41,"column":2},"end":{"line":41,"column":null}},"12":{"start":{"line":44,"column":2},"end":{"line":44,"column":null}},"13":{"start":{"line":47,"column":2},"end":{"line":47,"column":null}},"14":{"start":{"line":11,"column":0},"end":{"line":11,"column":13}}},"fnMap":{"0":{"name":"(anonymous_2)","decl":{"start":{"line":49,"column":2},"end":{"line":49,"column":14}},"loc":{"start":{"line":49,"column":57},"end":{"line":51,"column":3}}}},"branchMap":{},"s":{"0":0,"1":0,"2":0,"3":0,"4":0,"5":0,"6":0,"7":0,"8":0,"9":0,"10":0,"11":0,"12":0,"13":0,"14":0},"f":{"0":0},"b":{}}
,"/Users/davidpopoola/fitted/wip/group-orders-backend/src/groups/dto/first-event-response.dto.ts": {"path":"/Users/davidpopoola/fitted/wip/group-orders-backend/src/groups/dto/first-event-response.dto.ts","statementMap":{"0":{"start":{"line":4,"column":0},"end":{"line":4,"column":13}}},"fnMap":{},"branchMap":{},"s":{"0":0},"f":{},"b":{}}
,"/Users/davidpopoola/fitted/wip/group-orders-backend/src/groups/dto/recipient-invite-code.dto.ts": {"path":"/Users/davidpopoola/fitted/wip/group-orders-backend/src/groups/dto/recipient-invite-code.dto.ts","statementMap":{"0":{"start":{"line":1,"column":0},"end":{"line":1,"column":51}},"1":{"start":{"line":6,"column":2},"end":{"line":6,"column":null}},"2":{"start":{"line":3,"column":0},"end":{"line":3,"column":13}}},"fnMap":{},"branchMap":{},"s":{"0":0,"1":0,"2":0},"f":{},"b":{}}
,"/Users/davidpopoola/fitted/wip/group-orders-backend/src/groups/dto/remove-recipient.dto.ts": {"path":"/Users/davidpopoola/fitted/wip/group-orders-backend/src/groups/dto/remove-recipient.dto.ts","statementMap":{"0":{"start":{"line":1,"column":0},"end":{"line":1,"column":44}},"1":{"start":{"line":11,"column":4},"end":{"line":11,"column":44}},"2":{"start":{"line":5,"column":2},"end":{"line":5,"column":null}},"3":{"start":{"line":8,"column":2},"end":{"line":8,"column":null}},"4":{"start":{"line":3,"column":0},"end":{"line":3,"column":13}}},"fnMap":{"0":{"name":"(anonymous_2)","decl":{"start":{"line":10,"column":2},"end":{"line":10,"column":14}},"loc":{"start":{"line":10,"column":61},"end":{"line":12,"column":3}}}},"branchMap":{},"s":{"0":0,"1":0,"2":0,"3":0,"4":0},"f":{"0":0},"b":{}}
,"/Users/davidpopoola/fitted/wip/group-orders-backend/src/groups/dto/update-group.dto.ts": {"path":"/Users/davidpopoola/fitted/wip/group-orders-backend/src/groups/dto/update-group.dto.ts","statementMap":{"0":{"start":{"line":1,"column":0},"end":{"line":1,"column":46}},"1":{"start":{"line":2,"column":0},"end":{"line":2,"column":52}},"2":{"start":{"line":4,"column":0},"end":{"line":4,"column":13}}},"fnMap":{},"branchMap":{},"s":{"0":0,"1":0,"2":0},"f":{},"b":{}}
,"/Users/davidpopoola/fitted/wip/group-orders-backend/src/groups/models/event-role.enum.ts": {"path":"/Users/davidpopoola/fitted/wip/group-orders-backend/src/groups/models/event-role.enum.ts","statementMap":{"0":{"start":{"line":1,"column":0},"end":{"line":1,"column":null}},"1":{"start":{"line":2,"column":2},"end":{"line":2,"column":null}},"2":{"start":{"line":3,"column":2},"end":{"line":3,"column":null}},"3":{"start":{"line":4,"column":2},"end":{"line":4,"column":null}},"4":{"start":{"line":5,"column":2},"end":{"line":5,"column":null}},"5":{"start":{"line":6,"column":2},"end":{"line":6,"column":null}},"6":{"start":{"line":10,"column":2},"end":{"line":10,"column":null}},"7":{"start":{"line":12,"column":2},"end":{"line":12,"column":null}},"8":{"start":{"line":13,"column":2},"end":{"line":13,"column":null}},"9":{"start":{"line":14,"column":2},"end":{"line":14,"column":null}},"10":{"start":{"line":15,"column":2},"end":{"line":15,"column":null}},"11":{"start":{"line":16,"column":2},"end":{"line":16,"column":null}},"12":{"start":{"line":17,"column":2},"end":{"line":17,"column":null}},"13":{"start":{"line":18,"column":2},"end":{"line":18,"column":null}},"14":{"start":{"line":21,"column":2},"end":{"line":21,"column":null}},"15":{"start":{"line":22,"column":2},"end":{"line":22,"column":null}},"16":{"start":{"line":23,"column":2},"end":{"line":23,"column":null}},"17":{"start":{"line":24,"column":2},"end":{"line":24,"column":null}},"18":{"start":{"line":25,"column":2},"end":{"line":25,"column":null}},"19":{"start":{"line":26,"column":2},"end":{"line":26,"column":null}},"20":{"start":{"line":27,"column":2},"end":{"line":27,"column":null}}},"fnMap":{"0":{"name":"(anonymous_0)","decl":{"start":{"line":1,"column":0},"end":{"line":1,"column":12}},"loc":{"start":{"line":1,"column":21},"end":{"line":28,"column":1}}}},"branchMap":{"0":{"loc":{"start":{"line":1,"column":12},"end":{"line":1,"column":21}},"type":"binary-expr","locations":[{"start":{"line":1,"column":12},"end":{"line":1,"column":21}},{"start":{"line":1,"column":12},"end":{"line":1,"column":null}}]}},"s":{"0":1,"1":1,"2":1,"3":1,"4":1,"5":1,"6":1,"7":1,"8":1,"9":1,"10":1,"11":1,"12":1,"13":1,"14":1,"15":1,"16":1,"17":1,"18":1,"19":1,"20":1},"f":{"0":1},"b":{"0":[1,1]}}
,"/Users/davidpopoola/fitted/wip/group-orders-backend/src/groups/models/event-type.enum.ts": {"path":"/Users/davidpopoola/fitted/wip/group-orders-backend/src/groups/models/event-type.enum.ts","statementMap":{"0":{"start":{"line":1,"column":0},"end":{"line":1,"column":null}},"1":{"start":{"line":2,"column":2},"end":{"line":2,"column":null}},"2":{"start":{"line":3,"column":2},"end":{"line":3,"column":null}},"3":{"start":{"line":4,"column":2},"end":{"line":4,"column":null}},"4":{"start":{"line":5,"column":2},"end":{"line":5,"column":null}},"5":{"start":{"line":6,"column":2},"end":{"line":6,"column":null}},"6":{"start":{"line":7,"column":2},"end":{"line":7,"column":null}},"7":{"start":{"line":8,"column":2},"end":{"line":8,"column":null}}},"fnMap":{"0":{"name":"(anonymous_0)","decl":{"start":{"line":1,"column":0},"end":{"line":1,"column":12}},"loc":{"start":{"line":1,"column":21},"end":{"line":9,"column":1}}}},"branchMap":{"0":{"loc":{"start":{"line":1,"column":12},"end":{"line":1,"column":21}},"type":"binary-expr","locations":[{"start":{"line":1,"column":12},"end":{"line":1,"column":21}},{"start":{"line":1,"column":12},"end":{"line":1,"column":null}}]}},"s":{"0":1,"1":1,"2":1,"3":1,"4":1,"5":1,"6":1,"7":1},"f":{"0":1},"b":{"0":[1,1]}}
,"/Users/davidpopoola/fitted/wip/group-orders-backend/src/groups/models/event.model.ts": {"path":"/Users/davidpopoola/fitted/wip/group-orders-backend/src/groups/models/event.model.ts","statementMap":{"0":{"start":{"line":1,"column":0},"end":{"line":1,"column":63}},"1":{"start":{"line":2,"column":0},"end":{"line":2,"column":37}},"2":{"start":{"line":10,"column":0},"end":{"line":44,"column":null}},"3":{"start":{"line":14,"column":2},"end":{"line":14,"column":null}},"4":{"start":{"line":17,"column":2},"end":{"line":17,"column":null}},"5":{"start":{"line":23,"column":2},"end":{"line":23,"column":null}},"6":{"start":{"line":28,"column":2},"end":{"line":28,"column":null}},"7":{"start":{"line":31,"column":2},"end":{"line":31,"column":null}},"8":{"start":{"line":37,"column":2},"end":{"line":37,"column":null}},"9":{"start":{"line":40,"column":2},"end":{"line":40,"column":null}},"10":{"start":{"line":10,"column":13},"end":{"line":44,"column":null}},"11":{"start":{"line":10,"column":13},"end":{"line":10,"column":18}},"12":{"start":{"line":46,"column":13},"end":{"line":46,"column":63}}},"fnMap":{},"branchMap":{},"s":{"0":1,"1":1,"2":1,"3":1,"4":1,"5":1,"6":1,"7":1,"8":1,"9":1,"10":1,"11":1,"12":1},"f":{},"b":{}}
,"/Users/davidpopoola/fitted/wip/group-orders-backend/src/groups/models/group-invite.model.ts": {"path":"/Users/davidpopoola/fitted/wip/group-orders-backend/src/groups/models/group-invite.model.ts","statementMap":{"0":{"start":{"line":1,"column":0},"end":{"line":1,"column":63}},"1":{"start":{"line":3,"column":0},"end":{"line":3,"column":55}},"2":{"start":{"line":8,"column":0},"end":{"line":56,"column":null}},"3":{"start":{"line":12,"column":2},"end":{"line":12,"column":null}},"4":{"start":{"line":15,"column":2},"end":{"line":15,"column":null}},"5":{"start":{"line":18,"column":2},"end":{"line":18,"column":null}},"6":{"start":{"line":21,"column":2},"end":{"line":21,"column":null}},"7":{"start":{"line":24,"column":2},"end":{"line":24,"column":null}},"8":{"start":{"line":27,"column":2},"end":{"line":27,"column":null}},"9":{"start":{"line":30,"column":2},"end":{"line":30,"column":null}},"10":{"start":{"line":33,"column":2},"end":{"line":33,"column":null}},"11":{"start":{"line":40,"column":2},"end":{"line":40,"column":null}},"12":{"start":{"line":43,"column":2},"end":{"line":43,"column":null}},"13":{"start":{"line":46,"column":2},"end":{"line":46,"column":null}},"14":{"start":{"line":49,"column":2},"end":{"line":49,"column":null}},"15":{"start":{"line":52,"column":2},"end":{"line":52,"column":null}},"16":{"start":{"line":55,"column":2},"end":{"line":55,"column":null}},"17":{"start":{"line":8,"column":13},"end":{"line":56,"column":null}},"18":{"start":{"line":8,"column":13},"end":{"line":8,"column":33}},"19":{"start":{"line":58,"column":13},"end":{"line":59,"column":53}}},"fnMap":{},"branchMap":{},"s":{"0":1,"1":1,"2":1,"3":1,"4":1,"5":1,"6":1,"7":1,"8":1,"9":1,"10":1,"11":1,"12":1,"13":1,"14":1,"15":1,"16":1,"17":1,"18":1,"19":1},"f":{},"b":{}}
[...]
,"/Users/davidpopoola/fitted/wip/group-orders-backend/src/utils/logger/logger.service.test.ts": {"path":"/Users/davidpopoola/fitted/wip/group-orders-backend/src/utils/logger/logger.service.test.ts","statementMap":{"0":{"start":{"line":1,"column":0},"end":{"line":1,"column":39}},"1":{"start":{"line":2,"column":0},"end":{"line":2,"column":50}},"2":{"start":{"line":3,"column":0},"end":{"line":3,"column":47}},"3":{"start":{"line":4,"column":0},"end":{"line":4,"column":49}},"4":{"start":{"line":6,"column":0},"end":{"line":55,"column":3}},"5":{"start":{"line":9,"column":17},"end":{"line":12,"column":4}},"6":{"start":{"line":14,"column":2},"end":{"line":23,"column":5}},"7":{"start":{"line":15,"column":32},"end":{"line":20,"column":16}},"8":{"start":{"line":22,"column":4},"end":{"line":22,"column":55}},"9":{"start":{"line":25,"column":2},"end":{"line":28,"column":5}},"10":{"start":{"line":26,"column":4},"end":{"line":26,"column":27}},"11":{"start":{"line":27,"column":4},"end":{"line":27,"column":60}},"12":{"start":{"line":30,"column":2},"end":{"line":33,"column":5}},"13":{"start":{"line":31,"column":4},"end":{"line":31,"column":28}},"14":{"start":{"line":32,"column":4},"end":{"line":32,"column":61}},"15":{"start":{"line":35,"column":2},"end":{"line":38,"column":5}},"16":{"start":{"line":36,"column":4},"end":{"line":36,"column":27}},"17":{"start":{"line":37,"column":4},"end":{"line":37,"column":60}},"18":{"start":{"line":40,"column":2},"end":{"line":43,"column":5}},"19":{"start":{"line":41,"column":4},"end":{"line":41,"column":28}},"20":{"start":{"line":42,"column":4},"end":{"line":42,"column":61}},"21":{"start":{"line":45,"column":2},"end":{"line":48,"column":5}},"22":{"start":{"line":46,"column":4},"end":{"line":46,"column":30}},"23":{"start":{"line":47,"column":4},"end":{"line":47,"column":63}},"24":{"start":{"line":50,"column":2},"end":{"line":54,"column":5}},"25":{"start":{"line":51,"column":4},"end":{"line":51,"column":70}},"26":{"start":{"line":52,"column":4},"end":{"line":52,"column":45}},"27":{"start":{"line":53,"column":4},"end":{"line":53,"column":60}}},"fnMap":{"0":{"name":"(anonymous_0)","decl":{"start":{"line":6,"column":26},"end":{"line":6,"column":29}},"loc":{"start":{"line":6,"column":31},"end":{"line":55,"column":1}}},"1":{"name":"(anonymous_1)","decl":{"start":{"line":14,"column":12},"end":{"line":14,"column":17}},"loc":{"start":{"line":14,"column":23},"end":{"line":23,"column":3}}},"2":{"name":"(anonymous_2)","decl":{"start":{"line":25,"column":61},"end":{"line":25,"column":64}},"loc":{"start":{"line":25,"column":66},"end":{"line":28,"column":3}}},"3":{"name":"(anonymous_3)","decl":{"start":{"line":30,"column":63},"end":{"line":30,"column":66}},"loc":{"start":{"line":30,"column":68},"end":{"line":33,"column":3}}},"4":{"name":"(anonymous_4)","decl":{"start":{"line":35,"column":61},"end":{"line":35,"column":64}},"loc":{"start":{"line":35,"column":66},"end":{"line":38,"column":3}}},"5":{"name":"(anonymous_5)","decl":{"start":{"line":40,"column":63},"end":{"line":40,"column":66}},"loc":{"start":{"line":40,"column":68},"end":{"line":43,"column":3}}},"6":{"name":"(anonymous_6)","decl":{"start":{"line":45,"column":67},"end":{"line":45,"column":70}},"loc":{"start":{"line":45,"column":72},"end":{"line":48,"column":3}}},"7":{"name":"(anonymous_7)","decl":{"start":{"line":50,"column":34},"end":{"line":50,"column":37}},"loc":{"start":{"line":50,"column":39},"end":{"line":54,"column":3}}}},"branchMap":{},"s":{"0":0,"1":0,"2":0,"3":0,"4":0,"5":0,"6":0,"7":0,"8":0,"9":0,"10":0,"11":0,"12":0,"13":0,"14":0,"15":0,"16":0,"17":0,"18":0,"19":0,"20":0,"21":0,"22":0,"23":0,"24":0,"25":0,"26":0,"27":0},"f":{"0":0,"1":0,"2":0,"3":0,"4":0,"5":0,"6":0,"7":0},"b":{}}
,"/Users/davidpopoola/fitted/wip/group-orders-backend/src/utils/logger/logger.service.ts": {"path":"/Users/davidpopoola/fitted/wip/group-orders-backend/src/utils/logger/logger.service.ts","statementMap":{"0":{"start":{"line":1,"column":0},"end":{"line":1,"column":44}},"1":{"start":{"line":3,"column":0},"end":{"line":3,"column":50}},"2":{"start":{"line":40,"column":0},"end":{"line":78,"column":null}},"3":{"start":{"line":44,"column":4},"end":{"line":44,"column":25}},"4":{"start":{"line":52,"column":4},"end":{"line":56,"column":6}},"5":{"start":{"line":60,"column":4},"end":{"line":60,"column":47}},"6":{"start":{"line":64,"column":4},"end":{"line":64,"column":47}},"7":{"start":{"line":68,"column":4},"end":{"line":68,"column":46}},"8":{"start":{"line":72,"column":4},"end":{"line":72,"column":46}},"9":{"start":{"line":76,"column":4},"end":{"line":76,"column":41}},"10":{"start":{"line":40,"column":13},"end":{"line":78,"column":null}},"11":{"start":{"line":40,"column":13},"end":{"line":40,"column":26}}},"fnMap":{"0":{"name":"(anonymous_2)","decl":{"start":{"line":43,"column":2},"end":{"line":43,"column":14}},"loc":{"start":{"line":43,"column":20},"end":{"line":45,"column":3}}},"1":{"name":"(anonymous_3)","decl":{"start":{"line":47,"column":9},"end":{"line":47,"column":12}},"loc":{"start":{"line":50,"column":18},"end":{"line":57,"column":3}}},"2":{"name":"(anonymous_4)","decl":{"start":{"line":59,"column":9},"end":{"line":59,"column":14}},"loc":{"start":{"line":59,"column":42},"end":{"line":61,"column":3}}},"3":{"name":"(anonymous_5)","decl":{"start":{"line":63,"column":9},"end":{"line":63,"column":14}},"loc":{"start":{"line":63,"column":56},"end":{"line":65,"column":3}}},"4":{"name":"(anonymous_6)","decl":{"start":{"line":67,"column":9},"end":{"line":67,"column":13}},"loc":{"start":{"line":67,"column":41},"end":{"line":69,"column":3}}},"5":{"name":"(anonymous_7)","decl":{"start":{"line":71,"column":9},"end":{"line":71,"column":13}},"loc":{"start":{"line":71,"column":41},"end":{"line":73,"column":3}}},"6":{"name":"(anonymous_8)","decl":{"start":{"line":75,"column":9},"end":{"line":75,"column":16}},"loc":{"start":{"line":75,"column":29},"end":{"line":77,"column":3}}}},"branchMap":{"0":{"loc":{"start":{"line":49,"column":26},"end":{"line":49,"column":43}},"type":"default-arg","locations":[{"start":{"line":49,"column":26},"end":{"line":49,"column":43}}]},"1":{"loc":{"start":{"line":53,"column":44},"end":{"line":53,"column":49}},"type":"cond-expr","locations":[{"start":{"line":53,"column":44},"end":{"line":53,"column":49}},{"start":{"line":53,"column":52},"end":{"line":53,"column":69}}]}},"s":{"0":0,"1":0,"2":0,"3":0,"4":0,"5":0,"6":0,"7":0,"8":0,"9":0,"10":0,"11":0},"f":{"0":0,"1":0,"2":0,"3":0,"4":0,"5":0,"6":0},"b":{"0":[0],"1":[0,0]}}
,"/Users/davidpopoola/fitted/wip/group-orders-backend/src/utils/logger/loggerException.interceptor.ts": {"path":"/Users/davidpopoola/fitted/wip/group-orders-backend/src/utils/logger/loggerException.interceptor.ts","statementMap":{"0":{"start":{"line":1,"column":0},"end":{"line":1,"column":null}},"1":{"start":{"line":8,"column":0},"end":{"line":8,"column":30}},"2":{"start":{"line":10,"column":0},"end":{"line":10,"column":49}},"3":{"start":{"line":13,"column":0},"end":{"line":47,"column":null}},"4":{"start":{"line":14,"column":22},"end":{"line":14,"column":37}},"5":{"start":{"line":17,"column":20},"end":{"line":17,"column":55}},"6":{"start":{"line":18,"column":4},"end":{"line":45,"column":7}},"7":{"start":{"line":19,"column":6},"end":{"line":44,"column":null}},"8":{"start":{"line":21,"column":8},"end":{"line":35,"column":null}},"9":{"start":{"line":22,"column":10},"end":{"line":22,"column":77}},"10":{"start":{"line":23,"column":10},"end":{"line":23,"column":76}},"11":{"start":{"line":24,"column":10},"end":{"line":27,"column":12}},"12":{"start":{"line":29,"column":10},"end":{"line":29,"column":77}},"13":{"start":{"line":30,"column":10},"end":{"line":30,"column":76}},"14":{"start":{"line":31,"column":10},"end":{"line":34,"column":12}},"15":{"start":{"line":37,"column":8},"end":{"line":41,"column":10}},"16":{"start":{"line":42,"column":8},"end":{"line":42,"column":74}},"17":{"start":{"line":43,"column":8},"end":{"line":43,"column":58}},"18":{"start":{"line":13,"column":13},"end":{"line":47,"column":null}},"19":{"start":{"line":13,"column":13},"end":{"line":13,"column":39}}},"fnMap":{"0":{"name":"(anonymous_2)","decl":{"start":{"line":14,"column":2},"end":{"line":14,"column":22}},"loc":{"start":{"line":14,"column":50},"end":{"line":14,"column":54}}},"1":{"name":"(anonymous_3)","decl":{"start":{"line":16,"column":2},"end":{"line":16,"column":11}},"loc":{"start":{"line":16,"column":56},"end":{"line":46,"column":3}}},"2":{"name":"(anonymous_4)","decl":{"start":{"line":18,"column":34},"end":{"line":18,"column":35}},"loc":{"start":{"line":18,"column":48},"end":{"line":45,"column":5}}}},"branchMap":{"0":{"loc":{"start":{"line":19,"column":6},"end":{"line":44,"column":null}},"type":"if","locations":[{"start":{"line":19,"column":6},"end":{"line":44,"column":null}},{"start":{"line":19,"column":6},"end":{"line":44,"column":null}}]},"1":{"loc":{"start":{"line":21,"column":8},"end":{"line":35,"column":null}},"type":"if","locations":[{"start":{"line":21,"column":8},"end":{"line":35,"column":null}},{"start":{"line":21,"column":8},"end":{"line":35,"column":null}}]},"2":{"loc":{"start":{"line":23,"column":10},"end":{"line":23,"column":17}},"type":"binary-expr","locations":[{"start":{"line":23,"column":10},"end":{"line":23,"column":17}},{"start":{"line":23,"column":21},"end":{"line":23,"column":75}}]},"3":{"loc":{"start":{"line":30,"column":10},"end":{"line":30,"column":17}},"type":"binary-expr","locations":[{"start":{"line":30,"column":10},"end":{"line":30,"column":17}},{"start":{"line":30,"column":21},"end":{"line":30,"column":75}}]},"4":{"loc":{"start":{"line":39,"column":10},"end":{"line":39,"column":17}},"type":"binary-expr","locations":[{"start":{"line":39,"column":10},"end":{"line":39,"column":17}},{"start":{"line":39,"column":21},"end":{"line":39,"column":33}}]},"5":{"loc":{"start":{"line":42,"column":8},"end":{"line":42,"column":15}},"type":"binary-expr","locations":[{"start":{"line":42,"column":8},"end":{"line":42,"column":15}},{"start":{"line":42,"column":19},"end":{"line":42,"column":73}}]}},"s":{"0":0,"1":0,"2":0,"3":0,"4":0,"5":0,"6":0,"7":0,"8":0,"9":0,"10":0,"11":0,"12":0,"13":0,"14":0,"15":0,"16":0,"17":0,"18":0,"19":0},"f":{"0":0,"1":0,"2":0},"b":{"0":[0,0],"1":[0,0],"2":[0,0],"3":[0,0],"4":[0,0],"5":[0,0]}}
,"/Users/davidpopoola/fitted/wip/group-orders-backend/src/utils/logger/winston.ts": {"path":"/Users/davidpopoola/fitted/wip/group-orders-backend/src/utils/logger/winston.ts","statementMap":{"0":{"start":{"line":1,"column":0},"end":{"line":1,"column":44}},"1":{"start":{"line":2,"column":0},"end":{"line":2,"column":35}},"2":{"start":{"line":3,"column":0},"end":{"line":3,"column":37}},"3":{"start":{"line":4,"column":0},"end":{"line":4,"column":38}},"4":{"start":{"line":10,"column":4},"end":{"line":42,"column":7}},"5":{"start":{"line":19,"column":18},"end":{"line":29,"column":20}},"6":{"start":{"line":6,"column":0},"end":{"line":6,"column":22}}},"fnMap":{"0":{"name":"(anonymous_0)","decl":{"start":{"line":7,"column":2},"end":{"line":7,"column":25}},"loc":{"start":{"line":7,"column":2},"end":{"line":7,"column":26}}},"1":{"name":"(anonymous_1)","decl":{"start":{"line":9,"column":2},"end":{"line":9,"column":8}},"loc":{"start":{"line":9,"column":13},"end":{"line":43,"column":3}}},"2":{"name":"(anonymous_2)","decl":{"start":{"line":18,"column":38},"end":{"line":18,"column":39}},"loc":{"start":{"line":18,"column":46},"end":{"line":30,"column":17}}}},"branchMap":{"0":{"loc":{"start":{"line":13,"column":10},"end":{"line":33,"column":null}},"type":"cond-expr","locations":[{"start":{"line":13,"column":10},"end":{"line":33,"column":null}},{"start":{"line":34,"column":10},"end":{"line":41,"column":null}}]},"1":{"loc":{"start":{"line":25,"column":24},"end":{"line":25,"column":70}},"type":"cond-expr","locations":[{"start":{"line":25,"column":24},"end":{"line":25,"column":70}},{"start":{"line":26,"column":24},"end":{"line":26,"column":26}}]},"2":{"loc":{"start":{"line":27,"column":35},"end":{"line":27,"column":72}},"type":"cond-expr","locations":[{"start":{"line":27,"column":35},"end":{"line":27,"column":72}},{"start":{"line":27,"column":75},"end":{"line":27,"column":77}}]}},"s":{"0":0,"1":0,"2":0,"3":0,"4":0,"5":0,"6":0},"f":{"0":0,"1":0,"2":0},"b":{"0":[0,0],"1":[0,0],"2":[0,0]}}
,"/Users/davidpopoola/fitted/wip/group-orders-backend/src/utils/mailing/mailing.module.ts": {"path":"/Users/davidpopoola/fitted/wip/group-orders-backend/src/utils/mailing/mailing.module.ts","statementMap":{"0":{"start":{"line":1,"column":0},"end":{"line":1,"column":40}},"1":{"start":{"line":2,"column":0},"end":{"line":2,"column":51}},"2":{"start":{"line":8,"column":0},"end":{"line":8,"column":null}},"3":{"start":{"line":8,"column":13},"end":{"line":8,"column":null}},"4":{"start":{"line":8,"column":13},"end":{"line":8,"column":26}}},"fnMap":{},"branchMap":{},"s":{"0":2,"1":2,"2":2,"3":2,"4":2},"f":{},"b":{}}
,"/Users/davidpopoola/fitted/wip/group-orders-backend/src/utils/mailing/mailing.service.ts": {"path":"/Users/davidpopoola/fitted/wip/group-orders-backend/src/utils/mailing/mailing.service.ts","statementMap":{"0":{"start":{"line":1,"column":0},"end":{"line":1,"column":65}},"1":{"start":{"line":2,"column":0},"end":{"line":2,"column":43}},"2":{"start":{"line":7,"column":0},"end":{"line":7,"column":44}},"3":{"start":{"line":12,"column":0},"end":{"line":144,"column":null}},"4":{"start":{"line":14,"column":4},"end":{"line":14,"column":47}},"5":{"start":{"line":18,"column":4},"end":{"line":24,"column":null}},"6":{"start":{"line":19,"column":23},"end":{"line":19,"column":51}},"7":{"start":{"line":20,"column":6},"end":{"line":20,"column":26}},"8":{"start":{"line":23,"column":6},"end":{"line":23,"column":28}},"9":{"start":{"line":31,"column":16},"end":{"line":39,"column":6}},"10":{"start":{"line":40,"column":4},"end":{"line":40,"column":33}},"11":{"start":{"line":50,"column":16},"end":{"line":61,"column":6}},"12":{"start":{"line":62,"column":4},"end":{"line":62,"column":33}},"13":{"start":{"line":12,"column":13},"end":{"line":144,"column":null}},"14":{"start":{"line":12,"column":13},"end":{"line":12,"column":27}}},"fnMap":{"0":{"name":"(anonymous_2)","decl":{"start":{"line":13,"column":2},"end":{"line":13,"column":null}},"loc":{"start":{"line":13,"column":2},"end":{"line":15,"column":3}}},"1":{"name":"(anonymous_3)","decl":{"start":{"line":17,"column":2},"end":{"line":17,"column":7}},"loc":{"start":{"line":17,"column":27},"end":{"line":25,"column":3}}},"2":{"name":"(anonymous_4)","decl":{"start":{"line":27,"column":2},"end":{"line":27,"column":7}},"loc":{"start":{"line":29,"column":16},"end":{"line":41,"column":3}}},"3":{"name":"(anonymous_5)","decl":{"start":{"line":43,"column":2},"end":{"line":43,"column":7}},"loc":{"start":{"line":48,"column":22},"end":{"line":63,"column":3}}}},"branchMap":{},"s":{"0":3,"1":3,"2":3,"3":3,"4":2,"5":0,"6":0,"7":0,"8":0,"9":0,"10":0,"11":0,"12":0,"13":3,"14":3},"f":{"0":2,"1":0,"2":0,"3":0},"b":{}}
,"/Users/davidpopoola/fitted/wip/group-orders-backend/src/utils/messaging/messaging.module.ts": {"path":"/Users/davidpopoola/fitted/wip/group-orders-backend/src/utils/messaging/messaging.module.ts","statementMap":{"0":{"start":{"line":1,"column":0},"end":{"line":1,"column":40}},"1":{"start":{"line":2,"column":0},"end":{"line":2,"column":55}},"2":{"start":{"line":8,"column":0},"end":{"line":8,"column":null}},"3":{"start":{"line":8,"column":13},"end":{"line":8,"column":null}},"4":{"start":{"line":8,"column":13},"end":{"line":8,"column":28}}},"fnMap":{},"branchMap":{},"s":{"0":2,"1":2,"2":2,"3":2,"4":2},"f":{},"b":{}}
,"/Users/davidpopoola/fitted/wip/group-orders-backend/src/utils/messaging/messaging.service.ts": {"path":"/Users/davidpopoola/fitted/wip/group-orders-backend/src/utils/messaging/messaging.service.ts","statementMap":{"0":{"start":{"line":1,"column":0},"end":{"line":1,"column":44}},"1":{"start":{"line":2,"column":0},"end":{"line":2,"column":33}},"2":{"start":{"line":3,"column":0},"end":{"line":3,"column":44}},"3":{"start":{"line":7,"column":0},"end":{"line":35,"column":null}},"4":{"start":{"line":10,"column":4},"end":{"line":10,"column":76}},"5":{"start":{"line":14,"column":20},"end":{"line":18,"column":6}},"6":{"start":{"line":28,"column":20},"end":{"line":32,"column":6}},"7":{"start":{"line":33,"column":4},"end":{"line":33,"column":16}},"8":{"start":{"line":7,"column":13},"end":{"line":35,"column":null}},"9":{"start":{"line":7,"column":13},"end":{"line":7,"column":29}}},"fnMap":{"0":{"name":"(anonymous_2)","decl":{"start":{"line":9,"column":2},"end":{"line":9,"column":null}},"loc":{"start":{"line":9,"column":2},"end":{"line":11,"column":3}}},"1":{"name":"(anonymous_3)","decl":{"start":{"line":13,"column":9},"end":{"line":13,"column":14}},"loc":{"start":{"line":13,"column":46},"end":{"line":19,"column":3}}},"2":{"name":"(anonymous_4)","decl":{"start":{"line":21,"column":2},"end":{"line":21,"column":7}},"loc":{"start":{"line":26,"column":22},"end":{"line":34,"column":3}}}},"branchMap":{},"s":{"0":3,"1":3,"2":3,"3":3,"4":2,"5":0,"6":0,"7":0,"8":3,"9":3},"f":{"0":2,"1":0,"2":0},"b":{}}
,"/Users/davidpopoola/fitted/wip/group-orders-backend/src/utils/tests/mongoMock.ts": {"path":"/Users/davidpopoola/fitted/wip/group-orders-backend/src/utils/tests/mongoMock.ts","statementMap":{"0":{"start":{"line":1,"column":0},"end":{"line":1,"column":73}},"1":{"start":{"line":2,"column":0},"end":{"line":2,"column":58}},"2":{"start":{"line":6,"column":38},"end":{"line":18,"column":4}},"3":{"start":{"line":7,"column":2},"end":{"line":18,"column":4}},"4":{"start":{"line":11,"column":6},"end":{"line":11,"column":48}},"5":{"start":{"line":12,"column":23},"end":{"line":12,"column":38}},"6":{"start":{"line":13,"column":6},"end":{"line":15,"column":null}},"7":{"start":{"line":6,"column":13},"end":{"line":6,"column":38}},"8":{"start":{"line":20,"column":39},"end":{"line":22,"column":1}},"9":{"start":{"line":21,"column":2},"end":{"line":21,"column":34}},"10":{"start":{"line":21,"column":14},"end":{"line":21,"column":34}},"11":{"start":{"line":20,"column":13},"end":{"line":20,"column":39}}},"fnMap":{"0":{"name":"(anonymous_0)","decl":{"start":{"line":6,"column":38},"end":{"line":6,"column":39}},"loc":{"start":{"line":7,"column":2},"end":{"line":18,"column":4}}},"1":{"name":"(anonymous_1)","decl":{"start":{"line":8,"column":16},"end":{"line":8,"column":21}},"loc":{"start":{"line":8,"column":27},"end":{"line":17,"column":5}}},"2":{"name":"(anonymous_2)","decl":{"start":{"line":20,"column":39},"end":{"line":20,"column":44}},"loc":{"start":{"line":20,"column":50},"end":{"line":22,"column":1}}}},"branchMap":{"0":{"loc":{"start":{"line":6,"column":72},"end":{"line":6,"column":74}},"type":"default-arg","locations":[{"start":{"line":6,"column":72},"end":{"line":6,"column":74}}]},"1":{"loc":{"start":{"line":21,"column":2},"end":{"line":21,"column":34}},"type":"if","locations":[{"start":{"line":21,"column":2},"end":{"line":21,"column":34}},{"start":{"line":21,"column":2},"end":{"line":21,"column":34}}]}},"s":{"0":2,"1":2,"2":2,"3":2,"4":2,"5":2,"6":2,"7":2,"8":2,"9":2,"10":2,"11":2},"f":{"0":2,"1":2,"2":2},"b":{"0":[2],"1":[2,0]}}
}
