TN:
SF:src/app.controller.ts
FN:6,(anonymous_2)
FN:9,(anonymous_3)
FNF:2
FNH:2
FNDA:1,(anonymous_2)
FNDA:1,(anonymous_3)
DA:1,1
DA:2,1
DA:5,1
DA:6,1
DA:9,1
DA:10,1
LF:6
LH:6
BRF:0
BRH:0
end_of_record
TN:
SF:src/app.module.ts
FNF:0
FNH:0
DA:1,0
DA:2,0
DA:3,0
DA:4,0
DA:5,0
DA:6,0
DA:7,0
DA:8,0
DA:9,0
DA:10,0
DA:11,0
DA:12,0
DA:13,0
DA:14,0
DA:15,0
DA:16,0
DA:41,0
LF:17
LH:0
BRF:0
BRH:0
end_of_record
TN:
SF:src/app.service.ts
FN:5,(anonymous_1)
FNF:1
FNH:1
FNDA:1,(anonymous_1)
DA:1,1
DA:4,1
DA:6,1
LF:3
LH:3
BRF:0
BRH:0
end_of_record
TN:
SF:src/main.ts
FN:9,bootstrap
FNF:1
FNH:0
FNDA:0,bootstrap
DA:1,0
DA:2,0
DA:3,0
DA:5,0
DA:6,0
DA:7,0
DA:10,0
DA:12,0
DA:13,0
DA:15,0
DA:19,0
DA:21,0
DA:23,0
DA:28,0
DA:29,0
DA:31,0
DA:33,0
LF:17
LH:0
BRF:0
BRH:0
end_of_record
TN:
SF:src/auth/auth.module.ts
FNF:0
FNH:0
DA:1,1
DA:2,1
DA:3,1
DA:4,1
DA:5,1
DA:10,1
DA:11,1
DA:12,1
DA:13,1
DA:14,1
DA:15,1
DA:16,1
DA:20,1
DA:24,1
DA:47,1
LF:15
LH:15
BRF:0
BRH:0
end_of_record
TN:
SF:src/auth/controllers/auth.controller.ts
FN:36,(anonymous_4)
FN:39,(anonymous_5)
FN:46,(anonymous_6)
FN:53,(anonymous_7)
FN:60,(anonymous_8)
FN:67,(anonymous_9)
FN:74,(anonymous_10)
FN:86,(anonymous_11)
FN:91,(anonymous_12)
FN:98,(anonymous_13)
FN:102,(anonymous_14)
FN:110,(anonymous_15)
FN:117,(anonymous_16)
FN:125,(anonymous_17)
FNF:14
FNH:1
FNDA:2,(anonymous_4)
FNDA:0,(anonymous_5)
FNDA:0,(anonymous_6)
FNDA:0,(anonymous_7)
FNDA:0,(anonymous_8)
FNDA:0,(anonymous_9)
FNDA:0,(anonymous_10)
FNDA:0,(anonymous_11)
FNDA:0,(anonymous_12)
FNDA:0,(anonymous_13)
FNDA:0,(anonymous_14)
FNDA:0,(anonymous_15)
FNDA:0,(anonymous_16)
FNDA:0,(anonymous_17)
DA:1,2
DA:15,2
DA:16,2
DA:17,2
DA:18,2
DA:19,2
DA:22,2
DA:23,2
DA:24,2
DA:25,2
DA:26,2
DA:27,2
DA:29,2
DA:30,2
DA:32,2
DA:35,2
DA:36,2
DA:39,2
DA:42,0
DA:46,2
DA:49,0
DA:53,2
DA:56,0
DA:60,2
DA:63,0
DA:67,2
DA:70,0
DA:74,2
DA:77,0
DA:86,2
DA:87,0
DA:91,2
DA:94,0
DA:98,2
DA:99,0
DA:102,2
DA:106,0
DA:110,2
DA:114,0
DA:117,2
DA:120,0
DA:125,2
DA:126,0
LF:43
LH:30
BRF:0
BRH:0
end_of_record
TN:
SF:src/auth/dtos/email-login.dto.ts
FNF:0
FNH:0
DA:1,2
DA:3,2
DA:5,2
DA:8,2
LF:4
LH:4
BRF:0
BRH:0
end_of_record
TN:
SF:src/auth/dtos/embroiderer.signup.dto.ts
FN:36,(anonymous_2)
FNF:1
FNH:0
FNDA:0,(anonymous_2)
DA:1,2
DA:10,2
DA:12,2
DA:15,2
DA:18,2
DA:21,2
DA:25,2
DA:28,2
DA:31,2
DA:34,2
DA:37,0
LF:11
LH:10
BRF:0
BRH:0
end_of_record
TN:
SF:src/auth/dtos/fabric-seller.signup.dto.ts
FN:43,(anonymous_2)
FNF:1
FNH:0
FNDA:0,(anonymous_2)
DA:1,2
DA:9,2
DA:11,2
DA:13,2
DA:16,2
DA:19,2
DA:22,2
DA:26,2
DA:29,2
DA:32,2
DA:35,2
DA:38,2
DA:41,2
DA:44,0
LF:14
LH:13
BRF:0
BRH:0
end_of_record
TN:
SF:src/auth/dtos/login-response.dto.ts
FNF:0
FNH:0
DA:2,0
LF:1
LH:0
BRF:0
BRH:0
end_of_record
TN:
SF:src/auth/dtos/outfit-buyer-signup-response.dto.ts
FNF:0
FNH:0
DA:2,0
LF:1
LH:0
BRF:0
BRH:0
end_of_record
TN:
SF:src/auth/dtos/outfit-buyer.signup.dto.ts
FN:36,(anonymous_2)
FNF:1
FNH:0
FNDA:0,(anonymous_2)
DA:1,2
DA:10,2
DA:12,2
DA:14,2
DA:17,2
DA:20,2
DA:23,2
DA:26,2
DA:29,2
DA:32,2
DA:37,0
LF:11
LH:10
BRF:0
BRH:0
end_of_record
TN:
SF:src/auth/dtos/password-reset-with-code.dto.ts
FNF:0
FNH:0
DA:1,2
DA:3,2
DA:5,2
DA:8,2
DA:11,2
LF:5
LH:5
BRF:0
BRH:0
end_of_record
TN:
SF:src/auth/dtos/password-reset.dto.ts
FNF:0
FNH:0
DA:1,2
DA:3,2
DA:5,2
DA:8,2
DA:11,2
LF:5
LH:5
BRF:0
BRH:0
end_of_record
TN:
SF:src/auth/dtos/passwordless-login.dto.ts
FNF:0
FNH:0
DA:1,2
DA:3,2
DA:5,2
DA:9,2
LF:4
LH:4
BRF:0
BRH:0
end_of_record
TN:
SF:src/auth/dtos/phoneNumber-login.dto.ts
FNF:0
FNH:0
DA:1,2
DA:3,2
DA:5,2
DA:8,2
LF:4
LH:4
BRF:0
BRH:0
end_of_record
TN:
SF:src/auth/dtos/request-otp.dto.ts
FNF:0
FNH:0
DA:1,2
DA:3,2
DA:5,2
LF:3
LH:3
BRF:0
BRH:0
end_of_record
TN:
SF:src/auth/dtos/signup.dto.ts
FNF:0
FNH:0
DA:1,0
DA:3,0
DA:6,0
LF:3
LH:0
BRF:0
BRH:0
end_of_record
TN:
SF:src/auth/dtos/tailor-signup-response.dto.ts
FNF:0
FNH:0
DA:2,0
LF:1
LH:0
BRF:0
BRH:0
end_of_record
TN:
SF:src/auth/dtos/tailor.signup.dto.ts
FN:45,(anonymous_2)
FNF:1
FNH:0
FNDA:0,(anonymous_2)
DA:1,2
DA:2,2
DA:11,2
DA:13,2
DA:15,2
DA:18,2
DA:21,2
DA:24,2
DA:28,2
DA:31,2
DA:40,2
DA:43,2
DA:46,0
LF:13
LH:12
BRF:0
BRH:0
end_of_record
TN:
SF:src/auth/dtos/validate-otp.dto.ts
FNF:0
FNH:0
DA:1,0
DA:3,0
DA:5,0
DA:10,0
LF:4
LH:0
BRF:0
BRH:0
end_of_record
TN:
SF:src/auth/guards/jwt-auth.guard.ts
FNF:0
FNH:0
DA:1,4
DA:2,4
DA:5,4
LF:3
LH:3
BRF:0
BRH:0
end_of_record
TN:
SF:src/auth/guards/jwt.strategy.ts
FN:11,(anonymous_2)
FN:19,(anonymous_3)
FNF:2
FNH:1
FNDA:2,(anonymous_2)
FNDA:0,(anonymous_3)
DA:1,2
DA:3,2
DA:4,2
DA:6,2
DA:7,2
DA:10,2
DA:11,2
DA:12,2
DA:20,0
LF:9
LH:8
BRF:0
BRH:0
end_of_record
TN:
SF:src/auth/guards/local-auth.guard.ts
FNF:0
FNH:0
DA:1,0
DA:2,0
DA:5,0
LF:3
LH:0
BRF:0
BRH:0
end_of_record
TN:
SF:src/auth/guards/local.strategy.ts
FN:8,(anonymous_2)
FNF:1
FNH:1
FNDA:1,(anonymous_2)
DA:1,1
DA:2,1
DA:3,1
DA:4,1
DA:7,1
DA:8,1
DA:9,1
LF:7
LH:7
BRF:0
BRH:0
end_of_record
TN:
SF:src/auth/guards/roles.guard.ts
FN:8,(anonymous_2)
FN:10,(anonymous_3)
FN:20,(anonymous_4)
FNF:3
FNH:0
FNDA:0,(anonymous_2)
FNDA:0,(anonymous_3)
FNDA:0,(anonymous_4)
DA:1,0
DA:2,0
DA:4,0
DA:7,0
DA:8,0
DA:11,0
DA:15,0
DA:16,0
DA:18,0
DA:20,0
LF:10
LH:0
BRDA:15,0,0,0
BRDA:15,0,1,0
BRDA:20,1,0,0
BRDA:20,1,1,0
BRDA:20,2,0,0
BRDA:20,2,1,0
BRF:6
BRH:0
end_of_record
TN:
SF:src/auth/models/emailVerification.model.ts
FNF:0
FNH:0
DA:1,3
DA:7,3
DA:10,3
DA:13,3
DA:16,3
LF:5
LH:5
BRF:0
BRH:0
end_of_record
TN:
SF:src/auth/models/phoneVerification.model.ts
FN:18,(anonymous_2)
FNF:1
FNH:1
FNDA:3,(anonymous_2)
DA:1,4
DA:7,4
DA:10,4
DA:13,4
DA:16,4
DA:19,3
DA:23,4
LF:7
LH:7
BRF:0
BRH:0
end_of_record
TN:
SF:src/auth/services/auth.service.ts
FN:52,(anonymous_4)
FN:65,(anonymous_5)
FN:70,(anonymous_6)
FN:73,(anonymous_7)
FN:77,(anonymous_8)
FN:103,(anonymous_9)
FN:137,(anonymous_10)
FN:152,(anonymous_11)
FN:165,(anonymous_12)
FN:176,(anonymous_13)
FN:187,(anonymous_14)
FN:194,(anonymous_15)
FN:229,(anonymous_16)
FN:255,(anonymous_17)
FN:275,(anonymous_18)
FN:289,(anonymous_19)
FN:303,(anonymous_20)
FN:313,(anonymous_21)
FN:325,(anonymous_22)
FN:334,(anonymous_23)
FN:342,(anonymous_24)
FN:362,(anonymous_25)
FNF:22
FNH:11
FNDA:2,(anonymous_4)
FNDA:0,(anonymous_5)
FNDA:0,(anonymous_6)
FNDA:0,(anonymous_7)
FNDA:0,(anonymous_8)
FNDA:0,(anonymous_9)
FNDA:0,(anonymous_10)
FNDA:0,(anonymous_11)
FNDA:0,(anonymous_12)
FNDA:0,(anonymous_13)
FNDA:0,(anonymous_14)
FNDA:0,(anonymous_15)
FNDA:1,(anonymous_16)
FNDA:1,(anonymous_17)
FNDA:1,(anonymous_18)
FNDA:1,(anonymous_19)
FNDA:4,(anonymous_20)
FNDA:4,(anonymous_21)
FNDA:4,(anonymous_22)
FNDA:2,(anonymous_23)
FNDA:4,(anonymous_24)
FNDA:1,(anonymous_25)
DA:1,3
DA:8,3
DA:9,3
DA:10,3
DA:11,3
DA:12,3
DA:13,3
DA:14,3
DA:17,3
DA:21,3
DA:25,3
DA:26,3
DA:27,3
DA:41,3
DA:45,3
DA:51,3
DA:53,2
DA:55,2
DA:57,2
DA:59,2
DA:60,2
DA:61,2
DA:62,2
DA:68,0
DA:71,0
DA:74,0
DA:78,0
DA:79,0
DA:81,0
DA:82,0
DA:83,0
DA:84,0
DA:88,0
DA:90,0
DA:91,0
DA:96,0
DA:99,0
DA:101,0
DA:107,0
DA:111,0
DA:112,0
DA:115,0
DA:119,0
DA:120,0
DA:125,0
DA:130,0
DA:134,0
DA:138,0
DA:139,0
DA:142,0
DA:143,0
DA:145,0
DA:146,0
DA:147,0
DA:148,0
DA:149,0
DA:153,0
DA:154,0
DA:159,0
DA:160,0
DA:161,0
DA:162,0
DA:168,0
DA:169,0
DA:170,0
DA:173,0
DA:179,0
DA:180,0
DA:184,0
DA:188,0
DA:189,0
DA:191,0
DA:199,0
DA:200,0
DA:204,0
DA:205,0
DA:208,0
DA:210,0
DA:211,0
DA:217,0
DA:223,0
DA:232,1
DA:236,1
DA:237,1
DA:240,1
DA:243,1
DA:249,1
DA:258,1
DA:259,1
DA:260,1
DA:261,1
DA:263,1
DA:269,1
DA:278,1
DA:279,1
DA:282,1
DA:286,1
DA:292,1
DA:293,1
DA:296,1
DA:300,1
DA:305,4
DA:306,4
DA:307,0
DA:317,4
DA:318,4
DA:319,0
DA:326,4
DA:327,4
DA:328,16
DA:329,16
DA:331,4
DA:335,2
DA:336,2
DA:337,1
DA:339,1
DA:343,4
DA:346,4
DA:347,1
DA:351,3
DA:352,1
DA:355,2
DA:356,1
DA:359,1
DA:366,1
DA:367,1
DA:369,0
LF:127
LH:66
BRDA:78,0,0,0
BRDA:78,0,1,0
BRDA:83,1,0,0
BRDA:83,1,1,0
BRDA:83,2,0,0
BRDA:83,2,1,0
BRDA:90,3,0,0
BRDA:90,3,1,0
BRDA:111,4,0,0
BRDA:111,4,1,0
BRDA:119,5,0,0
BRDA:119,5,1,0
BRDA:142,6,0,0
BRDA:142,6,1,0
BRDA:199,7,0,0
BRDA:199,7,1,0
BRDA:204,8,0,0
BRDA:204,8,1,0
BRDA:210,9,0,0
BRDA:210,9,1,0
BRDA:306,10,0,0
BRDA:306,10,1,4
BRDA:318,11,0,0
BRDA:318,11,1,4
BRDA:336,12,0,1
BRDA:336,12,1,1
BRDA:346,13,0,1
BRDA:346,13,1,3
BRDA:351,14,0,1
BRDA:351,14,1,2
BRDA:355,15,0,1
BRDA:355,15,1,1
BRDA:366,16,0,1
BRDA:366,16,1,0
BRF:34
BRH:11
end_of_record
TN:
SF:src/config/configuration.ts
FN:1,(anonymous_0)
FNF:1
FNH:0
FNDA:0,(anonymous_0)
DA:1,0
LF:1
LH:0
BRDA:2,0,0,0
BRDA:2,0,1,0
BRDA:5,1,0,0
BRDA:5,1,1,0
BRF:4
BRH:0
end_of_record
TN:
SF:src/config/index.ts
FNF:0
FNH:0
DA:1,4
DA:2,4
DA:4,4
DA:9,4
DA:54,4
DA:55,4
DA:56,0
DA:59,4
LF:8
LH:7
BRDA:5,0,0,0
BRDA:5,0,1,4
BRDA:55,1,0,0
BRDA:55,1,1,4
BRDA:68,2,0,4
BRDA:68,2,1,0
BRDA:99,3,0,4
BRDA:99,3,1,0
BRF:8
BRH:4
end_of_record
TN:
SF:src/groups/groups.module.ts
FNF:0
FNH:0
DA:1,0
DA:2,0
DA:3,0
DA:4,0
DA:5,0
DA:6,0
DA:7,0
DA:8,0
DA:9,0
DA:10,0
DA:14,0
DA:18,0
DA:19,0
DA:39,0
LF:14
LH:0
BRF:0
BRH:0
end_of_record
TN:
SF:src/groups/__stubs__/dtoStubs.ts
FN:8,(anonymous_0)
FN:19,(anonymous_1)
FNF:2
FNH:1
FNDA:0,(anonymous_0)
FNDA:1,(anonymous_1)
DA:1,1
DA:2,1
DA:3,1
DA:4,1
DA:5,1
DA:6,1
DA:8,1
DA:9,0
DA:16,0
DA:19,1
DA:20,1
DA:24,1
LF:12
LH:10
BRF:0
BRH:0
end_of_record
TN:
SF:src/groups/controllers/groups.controller.ts
FN:39,(anonymous_4)
FN:42,(anonymous_5)
FN:51,(anonymous_6)
FN:61,(anonymous_7)
FN:71,(anonymous_8)
FN:76,(anonymous_9)
FN:85,(anonymous_10)
FN:108,(anonymous_11)
FN:118,(anonymous_12)
FN:131,(anonymous_13)
FN:144,(anonymous_14)
FN:156,(anonymous_15)
FN:166,(anonymous_16)
FNF:13
FNH:0
FNDA:0,(anonymous_4)
FNDA:0,(anonymous_5)
FNDA:0,(anonymous_6)
FNDA:0,(anonymous_7)
FNDA:0,(anonymous_8)
FNDA:0,(anonymous_9)
FNDA:0,(anonymous_10)
FNDA:0,(anonymous_11)
FNDA:0,(anonymous_12)
FNDA:0,(anonymous_13)
FNDA:0,(anonymous_14)
FNDA:0,(anonymous_15)
FNDA:0,(anonymous_16)
DA:1,0
DA:13,0
DA:15,0
DA:16,0
DA:17,0
DA:18,0
DA:20,0
DA:21,0
DA:22,0
DA:23,0
DA:24,0
DA:26,0
DA:27,0
DA:32,0
DA:34,0
DA:35,0
DA:38,0
DA:39,0
DA:42,0
DA:45,0
DA:51,0
DA:55,0
DA:61,0
DA:65,0
DA:71,0
DA:72,0
DA:76,0
DA:79,0
DA:85,0
DA:88,0
DA:108,0
DA:112,0
DA:118,0
DA:122,0
DA:131,0
DA:135,0
DA:144,0
DA:150,0
DA:156,0
DA:162,0
DA:166,0
DA:167,0
LF:42
LH:0
BRF:0
BRH:0
end_of_record
TN:
SF:src/groups/dto/accept-invite-request.dto.ts
FNF:0
FNH:0
DA:1,0
DA:10,0
DA:12,0
DA:15,0
DA:19,0
DA:23,0
DA:26,0
DA:29,0
DA:32,0
DA:35,0
DA:38,0
DA:41,0
LF:12
LH:0
BRF:0
BRH:0
end_of_record
TN:
SF:src/groups/dto/accept-invite-response.dto.ts
FNF:0
FNH:0
DA:3,0
LF:1
LH:0
BRF:0
BRH:0
end_of_record
TN:
SF:src/groups/dto/add-recipient.dto.ts
FN:44,(anonymous_2)
FNF:1
FNH:0
FNDA:0,(anonymous_2)
DA:1,0
DA:10,0
DA:12,0
DA:15,0
DA:18,0
DA:21,0
DA:24,0
DA:27,0
DA:30,0
DA:33,0
DA:36,0
DA:39,0
DA:42,0
DA:45,0
LF:14
LH:0
BRF:0
BRH:0
end_of_record
TN:
SF:src/groups/dto/create-event-signup.dto.ts
FN:28,(anonymous_2)
FN:25,(anonymous_3)
FNF:2
FNH:0
FNDA:0,(anonymous_2)
FNDA:0,(anonymous_3)
DA:1,0
DA:2,0
DA:3,0
DA:4,0
DA:5,0
DA:6,0
DA:8,0
DA:10,0
DA:13,0
DA:18,0
DA:21,0
DA:25,0
DA:26,0
DA:29,0
LF:14
LH:0
BRF:0
BRH:0
end_of_record
TN:
SF:src/groups/dto/create-event.dto.ts
FN:22,(anonymous_2)
FNF:1
FNH:0
FNDA:0,(anonymous_2)
DA:1,1
DA:2,1
DA:3,1
DA:4,1
DA:6,1
DA:8,1
DA:11,1
DA:14,1
DA:17,1
DA:20,1
DA:23,0
LF:11
LH:10
BRF:0
BRH:0
end_of_record
TN:
SF:src/groups/dto/create-group.dto.ts
FN:11,(anonymous_2)
FNF:1
FNH:1
FNDA:1,(anonymous_2)
DA:1,1
DA:2,1
DA:4,1
DA:6,1
DA:9,1
DA:12,1
LF:6
LH:6
BRF:0
BRH:0
end_of_record
TN:
SF:src/groups/dto/edit-recipient.dto.ts
FN:49,(anonymous_2)
FNF:1
FNH:0
FNDA:0,(anonymous_2)
DA:1,0
DA:11,0
DA:14,0
DA:17,0
DA:20,0
DA:23,0
DA:26,0
DA:29,0
DA:32,0
DA:35,0
DA:38,0
DA:41,0
DA:44,0
DA:47,0
DA:50,0
LF:15
LH:0
BRF:0
BRH:0
end_of_record
TN:
SF:src/groups/dto/first-event-response.dto.ts
FNF:0
FNH:0
DA:4,0
LF:1
LH:0
BRF:0
BRH:0
end_of_record
TN:
SF:src/groups/dto/recipient-invite-code.dto.ts
FNF:0
FNH:0
DA:1,0
DA:3,0
DA:6,0
LF:3
LH:0
BRF:0
BRH:0
end_of_record
TN:
SF:src/groups/dto/remove-recipient.dto.ts
FN:10,(anonymous_2)
FNF:1
FNH:0
FNDA:0,(anonymous_2)
DA:1,0
DA:3,0
DA:5,0
DA:8,0
DA:11,0
LF:5
LH:0
BRF:0
BRH:0
end_of_record
TN:
SF:src/groups/dto/update-group.dto.ts
FNF:0
FNH:0
DA:1,0
DA:2,0
DA:4,0
LF:3
LH:0
BRF:0
BRH:0
end_of_record
TN:
SF:src/groups/models/event-role.enum.ts
FN:1,(anonymous_0)
FNF:1
FNH:1
FNDA:1,(anonymous_0)
DA:1,1
DA:2,1
DA:3,1
DA:4,1
DA:5,1
DA:6,1
DA:10,1
DA:12,1
DA:13,1
DA:14,1
DA:15,1
DA:16,1
DA:17,1
DA:18,1
DA:21,1
DA:22,1
DA:23,1
DA:24,1
DA:25,1
DA:26,1
DA:27,1
LF:21
LH:21
BRDA:1,0,0,1
BRDA:1,0,1,1
BRF:2
BRH:2
end_of_record
TN:
SF:src/groups/models/event-type.enum.ts
FN:1,(anonymous_0)
FNF:1
FNH:1
FNDA:1,(anonymous_0)
DA:1,1
DA:2,1
DA:3,1
DA:4,1
DA:5,1
DA:6,1
DA:7,1
DA:8,1
LF:8
LH:8
BRDA:1,0,0,1
BRDA:1,0,1,1
BRF:2
BRH:2
end_of_record
TN:
SF:src/groups/models/event.model.ts
FNF:0
FNH:0
DA:1,1
DA:2,1
DA:10,1
DA:14,1
DA:17,1
DA:23,1
DA:28,1
DA:31,1
DA:37,1
DA:40,1
DA:46,1
LF:11
LH:11
BRF:0
BRH:0
end_of_record
TN:
SF:src/groups/models/group-invite.model.ts
FNF:0
FNH:0
DA:1,1
DA:3,1
DA:8,1
DA:12,1
DA:15,1
DA:18,1
DA:21,1
DA:24,1
DA:27,1
DA:30,1
DA:33,1
DA:40,1
DA:43,1
DA:46,1
DA:49,1
DA:52,1
DA:55,1
DA:58,1
LF:18
LH:18
BRF:0
BRH:0
end_of_record
TN:
SF:src/groups/models/group-outfit-buyers.ts
FNF:0
FNH:0
DA:1,1
DA:3,1
DA:12,1
DA:14,1
DA:17,1
DA:20,1
DA:23,1
DA:26,1
DA:29,1
DA:35,1
DA:41,1
DA:47,1
DA:50,1
DA:53,1
DA:56,1
LF:15
LH:15
BRF:0
BRH:0
end_of_record
TN:
SF:src/groups/models/group.model.ts
FNF:0
FNH:0
DA:1,1
DA:2,1
DA:3,1
DA:5,1
DA:6,1
DA:11,1
DA:15,1
DA:18,1
DA:23,1
DA:28,1
DA:35,1
DA:38,1
LF:12
LH:12
BRF:0
BRH:0
end_of_record
TN:
SF:src/groups/models/measurement-status.enum.ts
FN:1,(anonymous_0)
FNF:1
FNH:1
FNDA:1,(anonymous_0)
DA:1,1
DA:2,1
DA:3,1
DA:4,1
LF:4
LH:4
BRDA:1,0,0,1
BRDA:1,0,1,1
BRF:2
BRH:2
end_of_record
TN:
SF:src/groups/models/payment-method.enum.ts
FN:1,(anonymous_0)
FNF:1
FNH:1
FNDA:1,(anonymous_0)
DA:1,1
DA:2,1
DA:3,1
DA:4,1
LF:4
LH:4
BRDA:1,0,0,1
BRDA:1,0,1,1
BRF:2
BRH:2
end_of_record
TN:
SF:src/groups/models/payment-status.enum.ts
FN:1,(anonymous_0)
FNF:1
FNH:1
FNDA:1,(anonymous_0)
DA:1,1
DA:2,1
DA:3,1
LF:3
LH:3
BRDA:1,0,0,1
BRDA:1,0,1,1
BRF:2
BRH:2
end_of_record
TN:
SF:src/groups/services/groups.service.ts
FN:55,(anonymous_5)
FN:73,(anonymous_6)
FN:105,(anonymous_7)
FN:128,(anonymous_8)
FN:162,(anonymous_9)
FN:173,(anonymous_10)
FN:188,(anonymous_11)
FN:204,(anonymous_12)
FN:284,(anonymous_13)
FN:317,(anonymous_14)
FN:387,(anonymous_15)
FN:419,(anonymous_16)
FN:432,(anonymous_17)
FN:445,(anonymous_18)
FN:467,(anonymous_19)
FN:473,(anonymous_20)
FN:477,(anonymous_21)
FN:493,(anonymous_22)
FN:515,(anonymous_23)
FN:535,(anonymous_24)
FN:567,(anonymous_25)
FN:570,(anonymous_26)
FNF:22
FNH:2
FNDA:1,(anonymous_5)
FNDA:0,(anonymous_6)
FNDA:0,(anonymous_7)
FNDA:1,(anonymous_8)
FNDA:0,(anonymous_9)
FNDA:0,(anonymous_10)
FNDA:0,(anonymous_11)
FNDA:0,(anonymous_12)
FNDA:0,(anonymous_13)
FNDA:0,(anonymous_14)
FNDA:0,(anonymous_15)
FNDA:0,(anonymous_16)
FNDA:0,(anonymous_17)
FNDA:0,(anonymous_18)
FNDA:0,(anonymous_19)
FNDA:0,(anonymous_20)
FNDA:0,(anonymous_21)
FNDA:0,(anonymous_22)
FNDA:0,(anonymous_23)
FNDA:0,(anonymous_24)
FNDA:0,(anonymous_25)
FNDA:0,(anonymous_26)
DA:1,1
DA:9,1
DA:10,1
DA:11,1
DA:12,1
DA:14,1
DA:15,1
DA:17,1
DA:18,1
DA:26,1
DA:28,1
DA:29,1
DA:39,1
DA:40,1
DA:44,1
DA:48,1
DA:49,1
DA:50,1
DA:51,1
DA:54,1
DA:56,1
DA:57,1
DA:58,1
DA:60,1
DA:62,1
DA:64,1
DA:66,1
DA:67,1
DA:68,1
DA:70,1
DA:77,0
DA:81,0
DA:89,0
DA:94,0
DA:99,0
DA:109,0
DA:110,0
DA:112,0
DA:113,0
DA:114,0
DA:116,0
DA:121,0
DA:122,0
DA:133,1
DA:134,1
DA:135,1
DA:136,1
DA:137,1
DA:138,1
DA:139,1
DA:140,1
DA:142,1
DA:155,1
DA:158,1
DA:159,1
DA:166,0
DA:168,0
DA:172,0
DA:173,0
DA:176,0
DA:181,0
DA:182,0
DA:193,0
DA:197,0
DA:198,0
DA:208,0
DA:213,0
DA:218,0
DA:219,0
DA:224,0
DA:225,0
DA:231,0
DA:233,0
DA:237,0
DA:238,0
DA:254,0
DA:256,0
DA:257,0
DA:266,0
DA:267,0
DA:275,0
DA:281,0
DA:288,0
DA:307,0
DA:308,0
DA:311,0
DA:312,0
DA:314,0
DA:321,0
DA:323,0
DA:333,0
DA:346,0
DA:347,0
DA:348,0
DA:353,0
DA:354,0
DA:363,0
DA:364,0
DA:365,0
DA:366,0
DA:374,0
DA:381,0
DA:391,0
DA:392,0
DA:393,0
DA:397,0
DA:398,0
DA:400,0
DA:404,0
DA:410,0
DA:416,0
DA:424,0
DA:428,0
DA:429,0
DA:436,0
DA:438,0
DA:439,0
DA:440,0
DA:442,0
DA:447,0
DA:459,0
DA:460,0
DA:468,0
DA:469,0
DA:470,0
DA:474,0
DA:483,0
DA:484,0
DA:499,0
DA:500,0
DA:519,0
DA:521,0
DA:522,0
DA:523,0
DA:526,0
DA:527,0
DA:532,0
DA:536,0
DA:546,0
DA:548,0
DA:549,0
DA:550,0
DA:553,0
DA:554,0
DA:555,0
DA:566,0
DA:567,0
DA:569,0
DA:570,0
DA:571,0
DA:578,0
LF:151
LH:42
BRDA:197,0,0,0
BRDA:197,0,1,0
BRDA:213,1,0,0
BRDA:213,1,1,0
BRDA:218,2,0,0
BRDA:218,2,1,0
BRDA:224,3,0,0
BRDA:224,3,1,0
BRDA:256,4,0,0
BRDA:256,4,1,0
BRDA:266,5,0,0
BRDA:266,5,1,0
BRDA:307,6,0,0
BRDA:307,6,1,0
BRDA:311,7,0,0
BRDA:311,7,1,0
BRDA:365,8,0,0
BRDA:365,8,1,0
BRDA:397,9,0,0
BRDA:397,9,1,0
BRDA:428,10,0,0
BRDA:428,10,1,0
BRDA:439,11,0,0
BRDA:439,11,1,0
BRDA:459,12,0,0
BRDA:459,12,1,0
BRF:26
BRH:0
end_of_record
TN:
SF:src/measurements/measurements.module.ts
FNF:0
FNH:0
DA:1,0
DA:2,0
DA:3,0
DA:4,0
DA:5,0
DA:6,0
DA:10,0
DA:11,0
DA:25,0
LF:9
LH:0
BRF:0
BRH:0
end_of_record
TN:
SF:src/measurements/controllers/measurements.controller.test.ts
FN:5,(anonymous_0)
FN:8,(anonymous_1)
FN:17,(anonymous_2)
FNF:3
FNH:0
FNDA:0,(anonymous_0)
FNDA:0,(anonymous_1)
FNDA:0,(anonymous_2)
DA:1,0
DA:2,0
DA:3,0
DA:5,0
DA:8,0
DA:9,0
DA:14,0
DA:17,0
DA:18,0
LF:9
LH:0
BRF:0
BRH:0
end_of_record
TN:
SF:src/measurements/controllers/measurements.controller.ts
FN:28,(anonymous_4)
FN:31,(anonymous_5)
FN:42,(anonymous_6)
FN:53,(anonymous_7)
FN:64,(anonymous_8)
FNF:5
FNH:0
FNDA:0,(anonymous_4)
FNDA:0,(anonymous_5)
FNDA:0,(anonymous_6)
FNDA:0,(anonymous_7)
FNDA:0,(anonymous_8)
DA:1,0
DA:11,0
DA:12,0
DA:13,0
DA:14,0
DA:15,0
DA:16,0
DA:17,0
DA:18,0
DA:19,0
DA:22,0
DA:27,0
DA:28,0
DA:31,0
DA:35,0
DA:42,0
DA:46,0
DA:53,0
DA:57,0
DA:64,0
DA:68,0
LF:21
LH:0
BRF:0
BRH:0
end_of_record
TN:
SF:src/measurements/dto/confirm-autosize-measurement.dto.ts
FNF:0
FNH:0
DA:4,0
LF:1
LH:0
BRF:0
BRH:0
end_of_record
TN:
SF:src/measurements/dto/create-autosize-measurement.dto.ts
FNF:0
FNH:0
DA:1,0
DA:4,0
DA:13,0
DA:18,0
DA:21,0
DA:24,0
DA:27,0
LF:7
LH:0
BRF:0
BRH:0
end_of_record
TN:
SF:src/measurements/dto/create-female-autosize-measurement.dto.ts
FNF:0
FNH:0
DA:1,0
DA:3,0
DA:5,0
DA:7,0
LF:4
LH:0
BRF:0
BRH:0
end_of_record
TN:
SF:src/measurements/dto/create-male-autosize-measurement.dto.ts
FNF:0
FNH:0
DA:1,0
DA:3,0
DA:5,0
DA:7,0
DA:11,0
LF:5
LH:0
BRF:0
BRH:0
end_of_record
TN:
SF:src/measurements/dto/create-manual-measurement.dto.ts
FNF:0
FNH:0
DA:1,0
LF:1
LH:0
BRF:0
BRH:0
end_of_record
TN:
SF:src/measurements/dto/create-measurement-request.dto.ts
FNF:0
FNH:0
DA:1,0
LF:1
LH:0
BRF:0
BRH:0
end_of_record
TN:
SF:src/measurements/dto/outfit -buyer-details.dto.ts
FNF:0
FNH:0
DA:4,0
LF:1
LH:0
BRF:0
BRH:0
end_of_record
TN:
SF:src/measurements/models/measurement-method.enum.ts
FN:1,(anonymous_0)
FNF:1
FNH:0
FNDA:0,(anonymous_0)
DA:1,0
DA:2,0
DA:3,0
LF:3
LH:0
BRDA:1,0,0,0
BRDA:1,0,1,0
BRF:2
BRH:0
end_of_record
TN:
SF:src/measurements/models/measurement-request.model.ts
FNF:0
FNH:0
DA:1,0
DA:9,0
DA:16,0
LF:3
LH:0
BRF:0
BRH:0
end_of_record
TN:
SF:src/measurements/models/measurement.model.ts
FNF:0
FNH:0
DA:1,0
DA:3,0
DA:8,0
DA:16,0
DA:19,0
DA:22,0
DA:25,0
DA:28,0
DA:31,0
LF:9
LH:0
BRF:0
BRH:0
end_of_record
TN:
SF:src/measurements/services/boldMetricsObjectMapper.ts
FNF:0
FNH:0
DA:1,0
DA:23,0
LF:2
LH:0
BRF:0
BRH:0
end_of_record
TN:
SF:src/measurements/services/measurements.service.test.ts
FN:4,(anonymous_0)
FN:7,(anonymous_1)
FN:15,(anonymous_2)
FNF:3
FNH:0
FNDA:0,(anonymous_0)
FNDA:0,(anonymous_1)
FNDA:0,(anonymous_2)
DA:1,0
DA:2,0
DA:4,0
DA:7,0
DA:8,0
DA:12,0
DA:15,0
DA:16,0
LF:8
LH:0
BRF:0
BRH:0
end_of_record
TN:
SF:src/measurements/services/measurements.service.ts
FN:23,(anonymous_4)
FN:32,(anonymous_5)
FN:38,(anonymous_6)
FN:45,(anonymous_7)
FN:134,(anonymous_8)
FN:146,(anonymous_9)
FNF:6
FNH:0
FNDA:0,(anonymous_4)
FNDA:0,(anonymous_5)
FNDA:0,(anonymous_6)
FNDA:0,(anonymous_7)
FNDA:0,(anonymous_8)
FNDA:0,(anonymous_9)
DA:1,0
DA:2,0
DA:4,0
DA:6,0
DA:14,0
DA:15,0
DA:19,0
DA:22,0
DA:25,0
DA:27,0
DA:29,0
DA:36,0
DA:42,0
DA:66,0
DA:67,0
DA:120,0
DA:126,0
DA:127,0
DA:128,0
DA:131,0
DA:139,0
DA:143,0
DA:149,0
LF:23
LH:0
BRF:0
BRH:0
end_of_record
TN:
SF:src/migrations/1628628219040-AddRolesToAllUserAccounts.ts
FN:5,(anonymous_0)
FN:15,(anonymous_1)
FNF:2
FNH:0
FNDA:0,(anonymous_0)
FNDA:0,(anonymous_1)
DA:2,0
DA:3,0
DA:5,0
DA:6,0
DA:10,0
DA:15,0
DA:16,0
LF:7
LH:0
BRF:0
BRH:0
end_of_record
TN:
SF:src/migrations-utils/connector.ts
FN:6,(anonymous_0)
FNF:1
FNH:0
FNDA:0,(anonymous_0)
DA:1,0
DA:2,0
DA:4,0
DA:6,0
DA:7,0
DA:10,0
LF:6
LH:0
BRF:0
BRH:0
end_of_record
TN:
SF:src/migrations-utils/mongoStore.ts
FN:8,(anonymous_0)
FN:29,(anonymous_1)
FN:36,(anonymous_2)
FNF:3
FNH:0
FNDA:0,(anonymous_0)
FNDA:0,(anonymous_1)
FNDA:0,(anonymous_2)
DA:3,0
DA:4,0
DA:9,0
DA:10,0
DA:11,0
DA:12,0
DA:13,0
DA:14,0
DA:15,0
DA:16,0
DA:19,0
DA:22,0
DA:24,0
DA:26,0
DA:30,0
DA:31,0
DA:32,0
DA:33,0
DA:34,0
DA:35,0
DA:36,0
DA:38,0
DA:53,0
DA:55,0
DA:58,0
DA:61,0
LF:26
LH:0
BRDA:15,0,0,0
BRDA:15,0,1,0
BRF:2
BRH:0
end_of_record
TN:
SF:src/migrations-utils/template.ts
FN:3,(anonymous_0)
FN:10,(anonymous_1)
FNF:2
FNH:0
FNDA:0,(anonymous_0)
FNDA:0,(anonymous_1)
DA:1,0
DA:3,0
DA:4,0
DA:10,0
DA:11,0
LF:5
LH:0
BRF:0
BRH:0
end_of_record
TN:
SF:src/migrations-utils/ts-compiler.js
FNF:0
FNH:0
DA:2,0
DA:3,0
LF:2
LH:0
BRF:0
BRH:0
end_of_record
TN:
SF:src/notifications/notifications.module.ts
FNF:0
FNH:0
DA:1,1
DA:2,1
DA:3,1
DA:4,1
DA:5,1
DA:17,1
LF:6
LH:6
BRF:0
BRH:0
end_of_record
TN:
SF:src/notifications/controllers/notifications.controller.test.ts
FN:5,(anonymous_0)
FN:8,(anonymous_1)
FN:17,(anonymous_2)
FNF:3
FNH:0
FNDA:0,(anonymous_0)
FNDA:0,(anonymous_1)
FNDA:0,(anonymous_2)
DA:1,0
DA:2,0
DA:3,0
DA:5,0
DA:8,0
DA:9,0
DA:14,0
DA:17,0
DA:18,0
LF:9
LH:0
BRF:0
BRH:0
end_of_record
TN:
SF:src/notifications/controllers/notifications.controller.ts
FN:16,(anonymous_4)
FN:19,(anonymous_5)
FN:24,(anonymous_6)
FNF:3
FNH:1
FNDA:1,(anonymous_4)
FNDA:0,(anonymous_5)
FNDA:0,(anonymous_6)
DA:1,1
DA:10,1
DA:12,1
DA:15,1
DA:16,1
DA:19,1
DA:20,0
DA:24,1
DA:25,0
LF:9
LH:7
BRF:0
BRH:0
end_of_record
TN:
SF:src/notifications/dto/create-notification.dto.ts
FNF:0
FNH:0
DA:1,1
LF:1
LH:1
BRF:0
BRH:0
end_of_record
TN:
SF:src/notifications/dto/update-notification.dto.ts
FNF:0
FNH:0
DA:1,0
DA:2,0
DA:4,0
LF:3
LH:0
BRF:0
BRH:0
end_of_record
TN:
SF:src/notifications/models/notification.model.ts
FNF:0
FNH:0
DA:1,1
DA:2,1
DA:8,1
DA:12,1
DA:15,1
DA:22,1
DA:29,1
DA:32,1
DA:35,1
LF:9
LH:9
BRF:0
BRH:0
end_of_record
TN:
SF:src/notifications/services/notifications.service.test.ts
FN:4,(anonymous_0)
FN:7,(anonymous_1)
FN:15,(anonymous_2)
FNF:3
FNH:0
FNDA:0,(anonymous_0)
FNDA:0,(anonymous_1)
FNDA:0,(anonymous_2)
DA:1,0
DA:2,0
DA:4,0
DA:7,0
DA:8,0
DA:12,0
DA:15,0
DA:16,0
LF:8
LH:0
BRF:0
BRH:0
end_of_record
TN:
SF:src/notifications/services/notifications.service.ts
FN:13,(anonymous_4)
FN:18,(anonymous_5)
FN:22,(anonymous_6)
FN:47,(anonymous_7)
FN:65,(anonymous_8)
FN:96,(anonymous_9)
FN:114,(anonymous_10)
FN:146,(anonymous_11)
FN:150,(anonymous_12)
FN:154,(anonymous_13)
FN:158,(anonymous_14)
FN:162,(anonymous_15)
FN:166,(anonymous_16)
FN:170,(anonymous_17)
FNF:14
FNH:1
FNDA:1,(anonymous_4)
FNDA:0,(anonymous_5)
FNDA:0,(anonymous_6)
FNDA:0,(anonymous_7)
FNDA:0,(anonymous_8)
FNDA:0,(anonymous_9)
FNDA:0,(anonymous_10)
FNDA:0,(anonymous_11)
FNDA:0,(anonymous_12)
FNDA:0,(anonymous_13)
FNDA:0,(anonymous_14)
FNDA:0,(anonymous_15)
FNDA:0,(anonymous_16)
FNDA:0,(anonymous_17)
DA:1,1
DA:2,1
DA:3,1
DA:6,1
DA:12,1
DA:15,1
DA:19,0
DA:29,0
DA:30,0
DA:31,0
DA:33,0
DA:34,0
DA:38,0
DA:44,0
DA:53,0
DA:54,0
DA:56,0
DA:62,0
DA:72,0
DA:73,0
DA:75,0
DA:81,0
DA:84,0
DA:85,0
DA:87,0
DA:93,0
DA:102,0
DA:103,0
DA:105,0
DA:111,0
DA:122,0
DA:123,0
DA:125,0
DA:131,0
DA:134,0
DA:135,0
DA:137,0
DA:143,0
DA:147,0
DA:151,0
DA:155,0
DA:159,0
DA:163,0
DA:167,0
DA:171,0
LF:45
LH:6
BRDA:29,0,0,0
BRDA:29,0,1,0
BRF:2
BRH:0
end_of_record
TN:
SF:src/users/users.module.ts
FNF:0
FNH:0
DA:1,2
DA:2,2
DA:4,2
DA:5,2
DA:6,2
DA:10,2
DA:11,2
DA:12,2
DA:13,2
DA:29,2
LF:10
LH:10
BRF:0
BRH:0
end_of_record
TN:
SF:src/users/__stubs__/modelStubs.ts
FN:12,(anonymous_0)
FN:30,(anonymous_1)
FN:39,(anonymous_2)
FN:46,(anonymous_3)
FN:54,(anonymous_4)
FN:62,(anonymous_5)
FNF:6
FNH:6
FNDA:40,(anonymous_0)
FNDA:3,(anonymous_1)
FNDA:9,(anonymous_2)
FNDA:4,(anonymous_3)
FNDA:5,(anonymous_4)
FNDA:5,(anonymous_5)
DA:1,4
DA:3,4
DA:4,4
DA:10,4
DA:12,4
DA:13,40
DA:27,40
DA:30,4
DA:31,3
DA:36,3
DA:39,4
DA:40,9
DA:46,4
DA:47,4
DA:54,4
DA:55,5
DA:62,4
DA:63,5
LF:18
LH:18
BRF:0
BRH:0
end_of_record
TN:
SF:src/users/controllers/users.controller.ts
FN:13,(anonymous_2)
FNF:1
FNH:1
FNDA:3,(anonymous_2)
DA:1,3
DA:2,3
DA:5,3
DA:6,3
DA:7,3
DA:12,3
DA:13,3
LF:7
LH:7
BRF:0
BRH:0
end_of_record
TN:
SF:src/users/models/embroiderer.schema.ts
FNF:0
FNH:0
DA:1,4
DA:2,4
DA:3,4
DA:8,4
DA:10,4
DA:13,4
DA:16,4
LF:7
LH:7
BRF:0
BRH:0
end_of_record
TN:
SF:src/users/models/fabric-seller.schema.ts
FNF:0
FNH:0
DA:1,4
DA:2,4
DA:3,4
DA:4,4
DA:9,4
DA:11,4
DA:18,4
DA:21,4
DA:24,4
LF:9
LH:9
BRF:0
BRH:0
end_of_record
TN:
SF:src/users/models/outfit-buyer.schema.ts
FNF:0
FNH:0
DA:1,4
DA:2,4
DA:3,4
DA:8,4
DA:12,4
DA:15,4
LF:6
LH:6
BRF:0
BRH:0
end_of_record
TN:
SF:src/users/models/roles.enum.ts
FN:1,(anonymous_0)
FNF:1
FNH:1
FNDA:4,(anonymous_0)
DA:1,4
DA:2,4
DA:3,4
DA:4,4
DA:5,4
LF:5
LH:5
BRDA:1,0,0,4
BRDA:1,0,1,4
BRF:2
BRH:2
end_of_record
TN:
SF:src/users/models/tailor.schema.ts
FNF:0
FNH:0
DA:1,4
DA:2,4
DA:3,4
DA:4,4
DA:9,4
DA:11,4
DA:18,4
DA:21,4
DA:24,4
LF:9
LH:9
BRF:0
BRH:0
end_of_record
TN:
SF:src/users/models/user-account.schema.ts
FN:67,(anonymous_2)
FNF:1
FNH:1
FNDA:40,(anonymous_2)
DA:1,4
DA:2,4
DA:4,4
DA:5,4
DA:6,4
DA:7,4
DA:8,4
DA:9,4
DA:14,4
DA:17,4
DA:20,4
DA:23,4
DA:26,4
DA:29,4
DA:32,4
DA:35,4
DA:42,4
DA:50,4
DA:53,4
DA:56,4
DA:59,4
DA:62,4
DA:65,4
DA:68,40
DA:72,4
LF:25
LH:25
BRF:0
BRH:0
end_of_record
TN:
SF:src/users/services/users.service.test.ts
FN:80,(anonymous_0)
FN:86,(anonymous_1)
FN:107,(anonymous_2)
FN:111,(anonymous_3)
FN:114,(anonymous_4)
FN:119,(anonymous_5)
FN:122,(anonymous_6)
FN:125,(anonymous_7)
FN:128,(anonymous_8)
FN:136,(anonymous_9)
FN:139,(anonymous_10)
FN:144,(anonymous_11)
FN:147,(anonymous_12)
FN:150,(anonymous_13)
FN:153,(anonymous_14)
FN:159,(anonymous_15)
FN:162,(anonymous_16)
FN:167,(anonymous_17)
FN:170,(anonymous_18)
FN:173,(anonymous_19)
FN:176,(anonymous_20)
FN:182,(anonymous_21)
FN:185,(anonymous_22)
FN:190,(anonymous_23)
FN:193,(anonymous_24)
FN:196,(anonymous_25)
FN:199,(anonymous_26)
FN:205,(anonymous_27)
FN:208,(anonymous_28)
FN:224,(anonymous_29)
FN:230,(anonymous_30)
FN:233,(anonymous_31)
FN:239,(anonymous_32)
FN:242,(anonymous_33)
FN:259,(anonymous_34)
FN:269,(anonymous_35)
FN:272,(anonymous_36)
FN:278,(anonymous_37)
FN:281,(anonymous_38)
FN:296,(anonymous_39)
FN:306,(anonymous_40)
FN:309,(anonymous_41)
FN:315,(anonymous_42)
FN:318,(anonymous_43)
FN:335,(anonymous_44)
FN:345,(anonymous_45)
FN:348,(anonymous_46)
FN:354,(anonymous_47)
FN:357,(anonymous_48)
FN:363,(anonymous_49)
FN:368,(anonymous_50)
FN:376,(anonymous_51)
FN:381,(anonymous_52)
FN:384,(anonymous_53)
FN:392,(anonymous_54)
FN:397,(anonymous_55)
FN:405,(anonymous_56)
FN:439,(anonymous_57)
FNF:58
FNH:0
FNDA:0,(anonymous_0)
FNDA:0,(anonymous_1)
FNDA:0,(anonymous_2)
FNDA:0,(anonymous_3)
FNDA:0,(anonymous_4)
FNDA:0,(anonymous_5)
FNDA:0,(anonymous_6)
FNDA:0,(anonymous_7)
FNDA:0,(anonymous_8)
FNDA:0,(anonymous_9)
FNDA:0,(anonymous_10)
FNDA:0,(anonymous_11)
FNDA:0,(anonymous_12)
FNDA:0,(anonymous_13)
FNDA:0,(anonymous_14)
FNDA:0,(anonymous_15)
FNDA:0,(anonymous_16)
FNDA:0,(anonymous_17)
FNDA:0,(anonymous_18)
FNDA:0,(anonymous_19)
FNDA:0,(anonymous_20)
FNDA:0,(anonymous_21)
FNDA:0,(anonymous_22)
FNDA:0,(anonymous_23)
FNDA:0,(anonymous_24)
FNDA:0,(anonymous_25)
FNDA:0,(anonymous_26)
FNDA:0,(anonymous_27)
FNDA:0,(anonymous_28)
FNDA:0,(anonymous_29)
FNDA:0,(anonymous_30)
FNDA:0,(anonymous_31)
FNDA:0,(anonymous_32)
FNDA:0,(anonymous_33)
FNDA:0,(anonymous_34)
FNDA:0,(anonymous_35)
FNDA:0,(anonymous_36)
FNDA:0,(anonymous_37)
FNDA:0,(anonymous_38)
FNDA:0,(anonymous_39)
FNDA:0,(anonymous_40)
FNDA:0,(anonymous_41)
FNDA:0,(anonymous_42)
FNDA:0,(anonymous_43)
FNDA:0,(anonymous_44)
FNDA:0,(anonymous_45)
FNDA:0,(anonymous_46)
FNDA:0,(anonymous_47)
FNDA:0,(anonymous_48)
FNDA:0,(anonymous_49)
FNDA:0,(anonymous_50)
FNDA:0,(anonymous_51)
FNDA:0,(anonymous_52)
FNDA:0,(anonymous_53)
FNDA:0,(anonymous_54)
FNDA:0,(anonymous_55)
FNDA:0,(anonymous_56)
FNDA:0,(anonymous_57)
DA:47,0
DA:48,0
DA:50,0
DA:55,0
DA:59,0
DA:60,0
DA:61,0
DA:65,0
DA:66,0
DA:67,0
DA:71,0
DA:78,0
DA:80,0
DA:86,0
DA:87,0
DA:101,0
DA:102,0
DA:107,0
DA:108,0
DA:111,0
DA:112,0
DA:114,0
DA:115,0
DA:116,0
DA:117,0
DA:119,0
DA:120,0
DA:122,0
DA:123,0
DA:125,0
DA:126,0
DA:128,0
DA:129,0
DA:132,0
DA:136,0
DA:137,0
DA:139,0
DA:140,0
DA:141,0
DA:142,0
DA:144,0
DA:145,0
DA:147,0
DA:148,0
DA:150,0
DA:151,0
DA:153,0
DA:154,0
DA:155,0
DA:159,0
DA:160,0
DA:162,0
DA:163,0
DA:164,0
DA:165,0
DA:167,0
DA:168,0
DA:170,0
DA:171,0
DA:173,0
DA:174,0
DA:176,0
DA:177,0
DA:178,0
DA:182,0
DA:183,0
DA:185,0
DA:186,0
DA:187,0
DA:188,0
DA:190,0
DA:191,0
DA:193,0
DA:194,0
DA:196,0
DA:197,0
DA:199,0
DA:200,0
DA:201,0
DA:205,0
DA:208,0
DA:209,0
DA:220,0
DA:222,0
DA:224,0
DA:225,0
DA:230,0
DA:231,0
DA:233,0
DA:234,0
DA:235,0
DA:239,0
DA:242,0
DA:243,0
DA:255,0
DA:257,0
DA:259,0
DA:260,0
DA:269,0
DA:270,0
DA:272,0
DA:273,0
DA:274,0
DA:278,0
DA:281,0
DA:282,0
DA:292,0
DA:294,0
DA:296,0
DA:297,0
DA:306,0
DA:307,0
DA:309,0
DA:310,0
DA:311,0
DA:315,0
DA:318,0
DA:319,0
DA:331,0
DA:333,0
DA:335,0
DA:336,0
DA:345,0
DA:346,0
DA:348,0
DA:349,0
DA:350,0
DA:354,0
DA:357,0
DA:358,0
DA:359,0
DA:360,0
DA:362,0
DA:363,0
DA:364,0
DA:368,0
DA:369,0
DA:376,0
DA:377,0
DA:381,0
DA:384,0
DA:385,0
DA:386,0
DA:387,0
DA:391,0
DA:392,0
DA:393,0
DA:397,0
DA:398,0
DA:405,0
DA:406,0
DA:439,0
DA:440,0
DA:441,0
DA:442,0
LF:155
LH:0
BRF:0
BRH:0
end_of_record
TN:
SF:src/users/services/users.service.ts
FN:27,(anonymous_4)
FN:39,(anonymous_5)
FN:43,(anonymous_6)
FN:47,(anonymous_7)
FN:53,(anonymous_8)
FN:59,(anonymous_9)
FN:74,(anonymous_10)
FN:89,(anonymous_11)
FN:103,(anonymous_12)
FN:117,(anonymous_13)
FN:123,(anonymous_14)
FN:131,(anonymous_15)
FN:157,(anonymous_16)
FNF:13
FNH:0
FNDA:0,(anonymous_4)
FNDA:0,(anonymous_5)
FNDA:0,(anonymous_6)
FNDA:0,(anonymous_7)
FNDA:0,(anonymous_8)
FNDA:0,(anonymous_9)
FNDA:0,(anonymous_10)
FNDA:0,(anonymous_11)
FNDA:0,(anonymous_12)
FNDA:0,(anonymous_13)
FNDA:0,(anonymous_14)
FNDA:0,(anonymous_15)
FNDA:0,(anonymous_16)
DA:1,4
DA:2,4
DA:3,4
DA:4,4
DA:9,4
DA:10,4
DA:14,4
DA:18,4
DA:19,4
DA:20,4
DA:26,4
DA:29,0
DA:30,0
DA:32,0
DA:34,0
DA:36,0
DA:40,0
DA:44,0
DA:50,0
DA:54,0
DA:62,0
DA:66,0
DA:70,0
DA:71,0
DA:77,0
DA:81,0
DA:85,0
DA:86,0
DA:92,0
DA:96,0
DA:99,0
DA:100,0
DA:104,0
DA:108,0
DA:113,0
DA:114,0
DA:118,0
DA:119,0
DA:120,0
DA:126,0
DA:127,0
DA:128,0
DA:135,0
DA:144,0
DA:145,0
DA:146,0
DA:147,0
DA:152,0
DA:153,0
DA:154,0
DA:158,0
LF:51
LH:11
BRDA:119,0,0,0
BRDA:119,0,1,0
BRDA:127,1,0,0
BRDA:127,1,1,0
BRDA:145,2,0,0
BRDA:145,2,1,0
BRF:6
BRH:0
end_of_record
TN:
SF:src/utils/decorators/current-user.decorator.ts
FN:4,(anonymous_0)
FNF:1
FNH:0
FNDA:0,(anonymous_0)
DA:1,2
DA:3,2
DA:5,0
DA:6,0
DA:8,0
LF:5
LH:2
BRDA:8,0,0,0
BRDA:8,0,1,0
BRDA:8,1,0,0
BRDA:8,1,1,0
BRDA:8,2,0,0
BRDA:8,2,1,0
BRF:6
BRH:0
end_of_record
TN:
SF:src/utils/decorators/roles.decorator.ts
FN:5,(anonymous_0)
FNF:1
FNH:1
FNDA:3,(anonymous_0)
DA:1,3
DA:4,3
DA:5,3
LF:3
LH:3
BRF:0
BRH:0
end_of_record
TN:
SF:src/utils/enums/gender.enum.ts
FN:1,(anonymous_0)
FNF:1
FNH:1
FNDA:4,(anonymous_0)
DA:1,4
DA:2,4
DA:3,4
DA:4,4
DA:5,4
LF:5
LH:5
BRDA:1,0,0,4
BRDA:1,0,1,4
BRF:2
BRH:2
end_of_record
TN:
SF:src/utils/logger/index.ts
FNF:0
FNH:0
DA:1,0
DA:2,0
DA:4,0
LF:3
LH:0
BRF:0
BRH:0
end_of_record
TN:
SF:src/utils/logger/logger.constants.ts
FN:1,(anonymous_0)
FNF:1
FNH:0
FNDA:0,(anonymous_0)
DA:1,0
DA:2,0
DA:3,0
DA:4,0
DA:5,0
DA:6,0
DA:7,0
DA:10,0
LF:8
LH:0
BRDA:1,0,0,0
BRDA:1,0,1,0
BRF:2
BRH:0
end_of_record
TN:
SF:src/utils/logger/logger.filters.ts
FN:3,maskPossibleSecrets
FN:23,(anonymous_1)
FNF:2
FNH:0
FNDA:0,maskPossibleSecrets
FNDA:0,(anonymous_1)
DA:1,0
DA:5,0
DA:6,0
DA:11,0
DA:12,0
DA:13,0
DA:15,0
DA:16,0
DA:17,0
DA:18,0
DA:20,0
DA:23,0
DA:24,0
DA:25,0
DA:27,0
DA:29,0
DA:34,0
DA:40,0
LF:18
LH:0
BRDA:6,0,0,0
BRDA:6,0,1,0
BRDA:7,1,0,0
BRDA:7,1,1,0
BRDA:15,2,0,0
BRDA:15,2,1,0
BRDA:20,3,0,0
BRDA:20,3,1,0
BRDA:24,4,0,0
BRDA:24,4,1,0
BRF:10
BRH:0
end_of_record
TN:
SF:src/utils/logger/logger.module.ts
FN:9,(anonymous_1)
FNF:1
FNH:0
FNDA:0,(anonymous_1)
DA:1,0
DA:2,0
DA:3,0
DA:4,0
DA:5,0
DA:7,0
DA:10,0
DA:25,0
LF:8
LH:0
BRF:0
BRH:0
end_of_record
TN:
SF:src/utils/logger/logger.service.test.ts
FN:6,(anonymous_0)
FN:14,(anonymous_1)
FN:25,(anonymous_2)
FN:30,(anonymous_3)
FN:35,(anonymous_4)
FN:40,(anonymous_5)
FN:45,(anonymous_6)
FN:50,(anonymous_7)
FNF:8
FNH:0
FNDA:0,(anonymous_0)
FNDA:0,(anonymous_1)
FNDA:0,(anonymous_2)
FNDA:0,(anonymous_3)
FNDA:0,(anonymous_4)
FNDA:0,(anonymous_5)
FNDA:0,(anonymous_6)
FNDA:0,(anonymous_7)
DA:1,0
DA:2,0
DA:3,0
DA:4,0
DA:6,0
DA:9,0
DA:14,0
DA:15,0
DA:22,0
DA:25,0
DA:26,0
DA:27,0
DA:30,0
DA:31,0
DA:32,0
DA:35,0
DA:36,0
DA:37,0
DA:40,0
DA:41,0
DA:42,0
DA:45,0
DA:46,0
DA:47,0
DA:50,0
DA:51,0
DA:52,0
DA:53,0
LF:28
LH:0
BRF:0
BRH:0
end_of_record
TN:
SF:src/utils/logger/logger.service.ts
FN:43,(anonymous_2)
FN:47,(anonymous_3)
FN:59,(anonymous_4)
FN:63,(anonymous_5)
FN:67,(anonymous_6)
FN:71,(anonymous_7)
FN:75,(anonymous_8)
FNF:7
FNH:0
FNDA:0,(anonymous_2)
FNDA:0,(anonymous_3)
FNDA:0,(anonymous_4)
FNDA:0,(anonymous_5)
FNDA:0,(anonymous_6)
FNDA:0,(anonymous_7)
FNDA:0,(anonymous_8)
DA:1,0
DA:3,0
DA:40,0
DA:44,0
DA:52,0
DA:60,0
DA:64,0
DA:68,0
DA:72,0
DA:76,0
LF:10
LH:0
BRDA:49,0,0,0
BRDA:53,1,0,0
BRDA:53,1,1,0
BRF:3
BRH:0
end_of_record
TN:
SF:src/utils/logger/loggerException.interceptor.ts
FN:14,(anonymous_2)
FN:16,(anonymous_3)
FN:18,(anonymous_4)
FNF:3
FNH:0
FNDA:0,(anonymous_2)
FNDA:0,(anonymous_3)
FNDA:0,(anonymous_4)
DA:1,0
DA:8,0
DA:10,0
DA:13,0
DA:14,0
DA:17,0
DA:18,0
DA:19,0
DA:21,0
DA:22,0
DA:23,0
DA:24,0
DA:29,0
DA:30,0
DA:31,0
DA:37,0
DA:42,0
DA:43,0
LF:18
LH:0
BRDA:19,0,0,0
BRDA:19,0,1,0
BRDA:21,1,0,0
BRDA:21,1,1,0
BRDA:23,2,0,0
BRDA:23,2,1,0
BRDA:30,3,0,0
BRDA:30,3,1,0
BRDA:39,4,0,0
BRDA:39,4,1,0
BRDA:42,5,0,0
BRDA:42,5,1,0
BRF:12
BRH:0
end_of_record
TN:
SF:src/utils/logger/winston.ts
FN:7,(anonymous_0)
FN:9,(anonymous_1)
FN:18,(anonymous_2)
FNF:3
FNH:0
FNDA:0,(anonymous_0)
FNDA:0,(anonymous_1)
FNDA:0,(anonymous_2)
DA:1,0
DA:2,0
DA:3,0
DA:4,0
DA:6,0
DA:10,0
DA:19,0
LF:7
LH:0
BRDA:13,0,0,0
BRDA:13,0,1,0
BRDA:25,1,0,0
BRDA:25,1,1,0
BRDA:27,2,0,0
BRDA:27,2,1,0
BRF:6
BRH:0
end_of_record
TN:
SF:src/utils/mailing/mailing.module.ts
FNF:0
FNH:0
DA:1,2
DA:2,2
DA:8,2
LF:3
LH:3
BRF:0
BRH:0
end_of_record
TN:
SF:src/utils/mailing/mailing.service.ts
FN:13,(anonymous_2)
FN:17,(anonymous_3)
FN:27,(anonymous_4)
FN:43,(anonymous_5)
FNF:4
FNH:1
FNDA:2,(anonymous_2)
FNDA:0,(anonymous_3)
FNDA:0,(anonymous_4)
FNDA:0,(anonymous_5)
DA:1,3
DA:2,3
DA:7,3
DA:12,3
DA:14,2
DA:18,0
DA:19,0
DA:20,0
DA:23,0
DA:31,0
DA:40,0
DA:50,0
DA:62,0
LF:13
LH:5
BRF:0
BRH:0
end_of_record
TN:
SF:src/utils/messaging/messaging.module.ts
FNF:0
FNH:0
DA:1,2
DA:2,2
DA:8,2
LF:3
LH:3
BRF:0
BRH:0
end_of_record
TN:
SF:src/utils/messaging/messaging.service.ts
FN:9,(anonymous_2)
FN:13,(anonymous_3)
FN:21,(anonymous_4)
FNF:3
FNH:1
FNDA:2,(anonymous_2)
FNDA:0,(anonymous_3)
FNDA:0,(anonymous_4)
DA:1,3
DA:2,3
DA:3,3
DA:7,3
DA:10,2
DA:14,0
DA:28,0
DA:33,0
LF:8
LH:5
BRF:0
BRH:0
end_of_record
TN:
SF:src/utils/tests/mongoMock.ts
FN:6,(anonymous_0)
FN:8,(anonymous_1)
FN:20,(anonymous_2)
FNF:3
FNH:3
FNDA:2,(anonymous_0)
FNDA:2,(anonymous_1)
FNDA:2,(anonymous_2)
DA:1,2
DA:2,2
DA:6,2
DA:7,2
DA:11,2
DA:12,2
DA:13,2
DA:20,2
DA:21,2
LF:9
LH:9
BRDA:6,0,0,2
BRDA:21,1,0,2
BRDA:21,1,1,0
BRF:3
BRH:2
end_of_record
